CRITICAL - 2022-11-21 17:16:54 --> Too few arguments to function App\Controllers\Capacitacion::index(), 0 passed in C:\laragon\www\itson\system\CodeIgniter.php on line 927 and exactly 1 expected
in APPPATH\Controllers\Capacitacion.php on line 14.
 1 SYSTEMPATH\CodeIgniter.php(927): App\Controllers\Capacitacion->index()
 2 SYSTEMPATH\CodeIgniter.php(482): CodeIgniter\CodeIgniter->runController(Object(App\Controllers\Capacitacion))
 3 SYSTEMPATH\CodeIgniter.php(351): CodeIgniter\CodeIgniter->handleRequest(null, Object(Config\Cache), false)
 4 FCPATH\index.php(67): CodeIgniter\CodeIgniter->run()
CRITICAL - 2022-11-21 17:33:22 --> Too few arguments to function App\Controllers\Capacitacion::edit(), 0 passed in C:\laragon\www\itson\system\CodeIgniter.php on line 927 and exactly 1 expected
in APPPATH\Controllers\Capacitacion.php on line 48.
 1 SYSTEMPATH\CodeIgniter.php(927): App\Controllers\Capacitacion->edit()
 2 SYSTEMPATH\CodeIgniter.php(482): CodeIgniter\CodeIgniter->runController(Object(App\Controllers\Capacitacion))
 3 SYSTEMPATH\CodeIgniter.php(351): CodeIgniter\CodeIgniter->handleRequest(null, Object(Config\Cache), false)
 4 FCPATH\index.php(67): CodeIgniter\CodeIgniter->run()
CRITICAL - 2022-11-21 17:34:23 --> Too few arguments to function App\Controllers\Capacitacion::edit(), 0 passed in C:\laragon\www\itson\system\CodeIgniter.php on line 927 and exactly 1 expected
in APPPATH\Controllers\Capacitacion.php on line 48.
 1 SYSTEMPATH\CodeIgniter.php(927): App\Controllers\Capacitacion->edit()
 2 SYSTEMPATH\CodeIgniter.php(482): CodeIgniter\CodeIgniter->runController(Object(App\Controllers\Capacitacion))
 3 SYSTEMPATH\CodeIgniter.php(351): CodeIgniter\CodeIgniter->handleRequest(null, Object(Config\Cache), false)
 4 FCPATH\index.php(67): CodeIgniter\CodeIgniter->run()
CRITICAL - 2022-11-21 17:34:25 --> Too few arguments to function App\Controllers\Capacitacion::edit(), 0 passed in C:\laragon\www\itson\system\CodeIgniter.php on line 927 and exactly 1 expected
in APPPATH\Controllers\Capacitacion.php on line 48.
 1 SYSTEMPATH\CodeIgniter.php(927): App\Controllers\Capacitacion->edit()
 2 SYSTEMPATH\CodeIgniter.php(482): CodeIgniter\CodeIgniter->runController(Object(App\Controllers\Capacitacion))
 3 SYSTEMPATH\CodeIgniter.php(351): CodeIgniter\CodeIgniter->handleRequest(null, Object(Config\Cache), false)
 4 FCPATH\index.php(67): CodeIgniter\CodeIgniter->run()
CRITICAL - 2022-11-21 17:36:02 --> Too few arguments to function App\Controllers\Capacitacion::edit(), 0 passed in C:\laragon\www\itson\system\CodeIgniter.php on line 927 and exactly 1 expected
in APPPATH\Controllers\Capacitacion.php on line 48.
 1 SYSTEMPATH\CodeIgniter.php(927): App\Controllers\Capacitacion->edit()
 2 SYSTEMPATH\CodeIgniter.php(482): CodeIgniter\CodeIgniter->runController(Object(App\Controllers\Capacitacion))
 3 SYSTEMPATH\CodeIgniter.php(351): CodeIgniter\CodeIgniter->handleRequest(null, Object(Config\Cache), false)
 4 FCPATH\index.php(67): CodeIgniter\CodeIgniter->run()
CRITICAL - 2022-11-21 17:36:43 --> Too few arguments to function App\Controllers\Capacitacion::edit(), 0 passed in C:\laragon\www\itson\system\CodeIgniter.php on line 927 and exactly 1 expected
in APPPATH\Controllers\Capacitacion.php on line 48.
 1 SYSTEMPATH\CodeIgniter.php(927): App\Controllers\Capacitacion->edit()
 2 SYSTEMPATH\CodeIgniter.php(482): CodeIgniter\CodeIgniter->runController(Object(App\Controllers\Capacitacion))
 3 SYSTEMPATH\CodeIgniter.php(351): CodeIgniter\CodeIgniter->handleRequest(null, Object(Config\Cache), false)
 4 FCPATH\index.php(67): CodeIgniter\CodeIgniter->run()
CRITICAL - 2022-11-21 17:40:40 --> Too few arguments to function App\Controllers\Capacitacion::edit(), 0 passed in C:\laragon\www\itson\system\CodeIgniter.php on line 927 and exactly 1 expected
in APPPATH\Controllers\Capacitacion.php on line 48.
 1 SYSTEMPATH\CodeIgniter.php(927): App\Controllers\Capacitacion->edit()
 2 SYSTEMPATH\CodeIgniter.php(482): CodeIgniter\CodeIgniter->runController(Object(App\Controllers\Capacitacion))
 3 SYSTEMPATH\CodeIgniter.php(351): CodeIgniter\CodeIgniter->handleRequest(null, Object(Config\Cache), false)
 4 FCPATH\index.php(67): CodeIgniter\CodeIgniter->run()
CRITICAL - 2022-11-21 17:42:47 --> Undefined index: intitucion
in APPPATH\Views\Capacitacion\form_capacitacion_edit.php on line 51.
 1 APPPATH\Views\Capacitacion\form_capacitacion_edit.php(51): CodeIgniter\Debug\Exceptions->errorHandler(8, 'Undefined index: intitucion', 'APPPATH\\Views\\Capacitacion\\form_capacitacion_edit.php', 51, [...])
 2 SYSTEMPATH\View\View.php(213): include('APPPATH\\Views\\Capacitacion\\form_capacitacion_edit.php')
 3 SYSTEMPATH\View\View.php(216): CodeIgniter\View\View->CodeIgniter\View\{closure}()
 4 SYSTEMPATH\Common.php(1134): CodeIgniter\View\View->render('/Capacitacion/form_capacitacion_edit', [], true)
 5 APPPATH\Controllers\Capacitacion.php(55): view('/Capacitacion/form_capacitacion_edit', [...])
 6 SYSTEMPATH\CodeIgniter.php(927): App\Controllers\Capacitacion->edit('3')
 7 SYSTEMPATH\CodeIgniter.php(482): CodeIgniter\CodeIgniter->runController(Object(App\Controllers\Capacitacion))
 8 SYSTEMPATH\CodeIgniter.php(351): CodeIgniter\CodeIgniter->handleRequest(null, Object(Config\Cache), false)
 9 FCPATH\index.php(67): CodeIgniter\CodeIgniter->run()
CRITICAL - 2022-11-21 18:32:33 --> Namespace declaration statement has to be the very first statement or after any declare call in the script
in APPPATH\Controllers\Capacitacion.php on line 5.
 1 [internal function]: CodeIgniter\Debug\Exceptions->shutdownHandler()
CRITICAL - 2022-11-21 18:33:14 --> Namespace declaration statement has to be the very first statement or after any declare call in the script
in APPPATH\Controllers\Capacitacion.php on line 5.
 1 [internal function]: CodeIgniter\Debug\Exceptions->shutdownHandler()
CRITICAL - 2022-11-21 18:33:15 --> Namespace declaration statement has to be the very first statement or after any declare call in the script
in APPPATH\Controllers\Capacitacion.php on line 5.
 1 [internal function]: CodeIgniter\Debug\Exceptions->shutdownHandler()
CRITICAL - 2022-11-21 18:33:17 --> Namespace declaration statement has to be the very first statement or after any declare call in the script
in APPPATH\Controllers\Capacitacion.php on line 5.
 1 [internal function]: CodeIgniter\Debug\Exceptions->shutdownHandler()
CRITICAL - 2022-11-21 18:34:17 --> ini_set(): A session is active. You cannot change the session module's ini settings at this time
in SYSTEMPATH\Session\Handlers\FileHandler.php on line 71.
 1 [internal function]: CodeIgniter\Debug\Exceptions->errorHandler(2, 'ini_set(): A session is active. You cannot change the session module\'s ini settings at this time', 'SYSTEMPATH\\Session\\Handlers\\FileHandler.php', 71, [...])
 2 SYSTEMPATH\Session\Handlers\FileHandler.php(71): ini_set('session.save_path', 'ROOTPATH\\writable\\session')
 3 SYSTEMPATH\Config\Services.php(658): CodeIgniter\Session\Handlers\FileHandler->__construct(Object(Config\App), '127.0.0.1')
 4 SYSTEMPATH\Config\BaseService.php(253): CodeIgniter\Config\Services::session(Object(Config\App), false)
 5 SYSTEMPATH\Config\BaseService.php(194): CodeIgniter\Config\BaseService::__callStatic('session', [...])
 6 SYSTEMPATH\Config\Services.php(637): CodeIgniter\Config\BaseService::getSharedInstance('session', null)
 7 SYSTEMPATH\Config\BaseService.php(253): CodeIgniter\Config\Services::session()
 8 SYSTEMPATH\HTTP\RedirectResponse.php(76): CodeIgniter\Config\BaseService::__callStatic('session', [])
 9 APPPATH\Controllers\Capacitacion.php(48): CodeIgniter\HTTP\RedirectResponse->back()
10 SYSTEMPATH\CodeIgniter.php(927): App\Controllers\Capacitacion->save()
11 SYSTEMPATH\CodeIgniter.php(482): CodeIgniter\CodeIgniter->runController(Object(App\Controllers\Capacitacion))
12 SYSTEMPATH\CodeIgniter.php(351): CodeIgniter\CodeIgniter->handleRequest(null, Object(Config\Cache), false)
13 FCPATH\index.php(67): CodeIgniter\CodeIgniter->run()
CRITICAL - 2022-11-21 18:35:14 --> Undefined variable: _SESSION
in APPPATH\Controllers\Capacitacion.php on line 41.
 1 APPPATH\Controllers\Capacitacion.php(41): CodeIgniter\Debug\Exceptions->errorHandler(8, 'Undefined variable: _SESSION', 'APPPATH\\Controllers\\Capacitacion.php', 41, [])
 2 SYSTEMPATH\CodeIgniter.php(927): App\Controllers\Capacitacion->save()
 3 SYSTEMPATH\CodeIgniter.php(482): CodeIgniter\CodeIgniter->runController(Object(App\Controllers\Capacitacion))
 4 SYSTEMPATH\CodeIgniter.php(351): CodeIgniter\CodeIgniter->handleRequest(null, Object(Config\Cache), false)
 5 FCPATH\index.php(67): CodeIgniter\CodeIgniter->run()
ERROR - 2022-11-21 18:51:25 --> mysqli_sql_exception: Column 'id_usuario' cannot be null in C:\laragon\www\itson\system\Database\MySQLi\Connection.php:292
Stack trace:
#0 C:\laragon\www\itson\system\Database\MySQLi\Connection.php(292): mysqli->query('INSERT INTO `ca...', 0)
#1 C:\laragon\www\itson\system\Database\BaseConnection.php(666): CodeIgniter\Database\MySQLi\Connection->execute('INSERT INTO `ca...')
#2 C:\laragon\www\itson\system\Database\BaseConnection.php(593): CodeIgniter\Database\BaseConnection->simpleQuery('INSERT INTO `ca...')
#3 C:\laragon\www\itson\system\Database\BaseBuilder.php(1916): CodeIgniter\Database\BaseConnection->query('INSERT INTO `ca...', Array, false)
#4 C:\laragon\www\itson\system\Model.php(279): CodeIgniter\Database\BaseBuilder->insert()
#5 C:\laragon\www\itson\system\BaseModel.php(749): CodeIgniter\Model->doInsert(Array)
#6 C:\laragon\www\itson\system\Model.php(667): CodeIgniter\BaseModel->insert(Array, true)
#7 C:\laragon\www\itson\app\Controllers\Capacitacion.php(43): CodeIgniter\Model->insert(Array)
#8 C:\laragon\www\itson\system\CodeIgniter.php(927): App\Controllers\Capacitacion->save()
#9 C:\laragon\www\itson\system\CodeIgniter.php(482): CodeIgniter\CodeIgniter->runController(Object(App\Controllers\Capacitacion))
#10 C:\laragon\www\itson\system\CodeIgniter.php(351): CodeIgniter\CodeIgniter->handleRequest(NULL, Object(Config\Cache), false)
#11 C:\laragon\www\itson\public\index.php(67): CodeIgniter\CodeIgniter->run()
#12 {main}
CRITICAL - 2022-11-21 18:51:25 --> Column 'id_usuario' cannot be null
in SYSTEMPATH\Database\MySQLi\Connection.php on line 292.
 1 SYSTEMPATH\Database\MySQLi\Connection.php(292): mysqli->query('INSERT INTO `capacitacion` (`nombre`, `tipo`, `lugar`, `fecha_cursada`, `institucion`, `modalidad`, `duracion_horas`, `evidencia`, `id_usuario`) VALUES (\'test\', \'diciplinar\', \'test\', \'2022-11-23\', \'test\', \'presencial\', \'3\', \'Formato para el análisis-Motivación a la Acción.docx.pdf\', NULL)', 0)
 2 SYSTEMPATH\Database\BaseConnection.php(666): CodeIgniter\Database\MySQLi\Connection->execute('INSERT INTO `capacitacion` (`nombre`, `tipo`, `lugar`, `fecha_cursada`, `institucion`, `modalidad`, `duracion_horas`, `evidencia`, `id_usuario`) VALUES (\'test\', \'diciplinar\', \'test\', \'2022-11-23\', \'test\', \'presencial\', \'3\', \'Formato para el análisis-Motivación a la Acción.docx.pdf\', NULL)')
 3 SYSTEMPATH\Database\BaseConnection.php(593): CodeIgniter\Database\BaseConnection->simpleQuery('INSERT INTO `capacitacion` (`nombre`, `tipo`, `lugar`, `fecha_cursada`, `institucion`, `modalidad`, `duracion_horas`, `evidencia`, `id_usuario`) VALUES (\'test\', \'diciplinar\', \'test\', \'2022-11-23\', \'test\', \'presencial\', \'3\', \'Formato para el análisis-Motivación a la Acción.docx.pdf\', NULL)')
 4 SYSTEMPATH\Database\BaseBuilder.php(1916): CodeIgniter\Database\BaseConnection->query('INSERT INTO `capacitacion` (`nombre`, `tipo`, `lugar`, `fecha_cursada`, `institucion`, `modalidad`, `duracion_horas`, `evidencia`, `id_usuario`) VALUES (:nombre:, :tipo:, :lugar:, :fecha_cursada:, :institucion:, :modalidad:, :duracion_horas:, :evidencia:, :id_usuario:)', [...], false)
 5 SYSTEMPATH\Model.php(279): CodeIgniter\Database\BaseBuilder->insert()
 6 SYSTEMPATH\BaseModel.php(749): CodeIgniter\Model->doInsert([...])
 7 SYSTEMPATH\Model.php(667): CodeIgniter\BaseModel->insert([...], true)
 8 APPPATH\Controllers\Capacitacion.php(43): CodeIgniter\Model->insert([...])
 9 SYSTEMPATH\CodeIgniter.php(927): App\Controllers\Capacitacion->save()
10 SYSTEMPATH\CodeIgniter.php(482): CodeIgniter\CodeIgniter->runController(Object(App\Controllers\Capacitacion))
11 SYSTEMPATH\CodeIgniter.php(351): CodeIgniter\CodeIgniter->handleRequest(null, Object(Config\Cache), false)
12 FCPATH\index.php(67): CodeIgniter\CodeIgniter->run()
ERROR - 2022-11-21 18:55:32 --> mysqli_sql_exception: Column 'nombre' cannot be null in C:\laragon\www\itson\system\Database\MySQLi\Connection.php:292
Stack trace:
#0 C:\laragon\www\itson\system\Database\MySQLi\Connection.php(292): mysqli->query('INSERT INTO `ca...', 0)
#1 C:\laragon\www\itson\system\Database\BaseConnection.php(666): CodeIgniter\Database\MySQLi\Connection->execute('INSERT INTO `ca...')
#2 C:\laragon\www\itson\system\Database\BaseConnection.php(593): CodeIgniter\Database\BaseConnection->simpleQuery('INSERT INTO `ca...')
#3 C:\laragon\www\itson\system\Database\BaseBuilder.php(1916): CodeIgniter\Database\BaseConnection->query('INSERT INTO `ca...', Array, false)
#4 C:\laragon\www\itson\system\Model.php(279): CodeIgniter\Database\BaseBuilder->insert()
#5 C:\laragon\www\itson\system\BaseModel.php(749): CodeIgniter\Model->doInsert(Array)
#6 C:\laragon\www\itson\system\Model.php(667): CodeIgniter\BaseModel->insert(Array, true)
#7 C:\laragon\www\itson\app\Controllers\Capacitacion.php(43): CodeIgniter\Model->insert(Array)
#8 C:\laragon\www\itson\system\CodeIgniter.php(927): App\Controllers\Capacitacion->save()
#9 C:\laragon\www\itson\system\CodeIgniter.php(482): CodeIgniter\CodeIgniter->runController(Object(App\Controllers\Capacitacion))
#10 C:\laragon\www\itson\system\CodeIgniter.php(351): CodeIgniter\CodeIgniter->handleRequest(NULL, Object(Config\Cache), false)
#11 C:\laragon\www\itson\public\index.php(67): CodeIgniter\CodeIgniter->run()
#12 {main}
CRITICAL - 2022-11-21 18:55:32 --> Column 'nombre' cannot be null
in SYSTEMPATH\Database\MySQLi\Connection.php on line 292.
 1 SYSTEMPATH\Database\MySQLi\Connection.php(292): mysqli->query('INSERT INTO `capacitacion` (`nombre`, `tipo`, `lugar`, `fecha_cursada`, `institucion`, `modalidad`, `duracion_horas`, `evidencia`, `id_usuario`) VALUES (NULL, NULL, NULL, NULL, NULL, NULL, NULL, NULL, NULL)', 0)
 2 SYSTEMPATH\Database\BaseConnection.php(666): CodeIgniter\Database\MySQLi\Connection->execute('INSERT INTO `capacitacion` (`nombre`, `tipo`, `lugar`, `fecha_cursada`, `institucion`, `modalidad`, `duracion_horas`, `evidencia`, `id_usuario`) VALUES (NULL, NULL, NULL, NULL, NULL, NULL, NULL, NULL, NULL)')
 3 SYSTEMPATH\Database\BaseConnection.php(593): CodeIgniter\Database\BaseConnection->simpleQuery('INSERT INTO `capacitacion` (`nombre`, `tipo`, `lugar`, `fecha_cursada`, `institucion`, `modalidad`, `duracion_horas`, `evidencia`, `id_usuario`) VALUES (NULL, NULL, NULL, NULL, NULL, NULL, NULL, NULL, NULL)')
 4 SYSTEMPATH\Database\BaseBuilder.php(1916): CodeIgniter\Database\BaseConnection->query('INSERT INTO `capacitacion` (`nombre`, `tipo`, `lugar`, `fecha_cursada`, `institucion`, `modalidad`, `duracion_horas`, `evidencia`, `id_usuario`) VALUES (:nombre:, :tipo:, :lugar:, :fecha_cursada:, :institucion:, :modalidad:, :duracion_horas:, :evidencia:, :id_usuario:)', [...], false)
 5 SYSTEMPATH\Model.php(279): CodeIgniter\Database\BaseBuilder->insert()
 6 SYSTEMPATH\BaseModel.php(749): CodeIgniter\Model->doInsert([...])
 7 SYSTEMPATH\Model.php(667): CodeIgniter\BaseModel->insert([...], true)
 8 APPPATH\Controllers\Capacitacion.php(43): CodeIgniter\Model->insert([...])
 9 SYSTEMPATH\CodeIgniter.php(927): App\Controllers\Capacitacion->save()
10 SYSTEMPATH\CodeIgniter.php(482): CodeIgniter\CodeIgniter->runController(Object(App\Controllers\Capacitacion))
11 SYSTEMPATH\CodeIgniter.php(351): CodeIgniter\CodeIgniter->handleRequest(null, Object(Config\Cache), false)
12 FCPATH\index.php(67): CodeIgniter\CodeIgniter->run()
ERROR - 2022-11-21 18:55:53 --> mysqli_sql_exception: Column 'nombre' cannot be null in C:\laragon\www\itson\system\Database\MySQLi\Connection.php:292
Stack trace:
#0 C:\laragon\www\itson\system\Database\MySQLi\Connection.php(292): mysqli->query('INSERT INTO `ca...', 0)
#1 C:\laragon\www\itson\system\Database\BaseConnection.php(666): CodeIgniter\Database\MySQLi\Connection->execute('INSERT INTO `ca...')
#2 C:\laragon\www\itson\system\Database\BaseConnection.php(593): CodeIgniter\Database\BaseConnection->simpleQuery('INSERT INTO `ca...')
#3 C:\laragon\www\itson\system\Database\BaseBuilder.php(1916): CodeIgniter\Database\BaseConnection->query('INSERT INTO `ca...', Array, false)
#4 C:\laragon\www\itson\system\Model.php(279): CodeIgniter\Database\BaseBuilder->insert()
#5 C:\laragon\www\itson\system\BaseModel.php(749): CodeIgniter\Model->doInsert(Array)
#6 C:\laragon\www\itson\system\Model.php(667): CodeIgniter\BaseModel->insert(Array, true)
#7 C:\laragon\www\itson\app\Controllers\Capacitacion.php(43): CodeIgniter\Model->insert(Array)
#8 C:\laragon\www\itson\system\CodeIgniter.php(927): App\Controllers\Capacitacion->save()
#9 C:\laragon\www\itson\system\CodeIgniter.php(482): CodeIgniter\CodeIgniter->runController(Object(App\Controllers\Capacitacion))
#10 C:\laragon\www\itson\system\CodeIgniter.php(351): CodeIgniter\CodeIgniter->handleRequest(NULL, Object(Config\Cache), false)
#11 C:\laragon\www\itson\public\index.php(67): CodeIgniter\CodeIgniter->run()
#12 {main}
CRITICAL - 2022-11-21 18:55:53 --> Column 'nombre' cannot be null
in SYSTEMPATH\Database\MySQLi\Connection.php on line 292.
 1 SYSTEMPATH\Database\MySQLi\Connection.php(292): mysqli->query('INSERT INTO `capacitacion` (`nombre`, `tipo`, `lugar`, `fecha_cursada`, `institucion`, `modalidad`, `duracion_horas`, `evidencia`, `id_usuario`) VALUES (NULL, NULL, NULL, NULL, NULL, NULL, NULL, NULL, NULL)', 0)
 2 SYSTEMPATH\Database\BaseConnection.php(666): CodeIgniter\Database\MySQLi\Connection->execute('INSERT INTO `capacitacion` (`nombre`, `tipo`, `lugar`, `fecha_cursada`, `institucion`, `modalidad`, `duracion_horas`, `evidencia`, `id_usuario`) VALUES (NULL, NULL, NULL, NULL, NULL, NULL, NULL, NULL, NULL)')
 3 SYSTEMPATH\Database\BaseConnection.php(593): CodeIgniter\Database\BaseConnection->simpleQuery('INSERT INTO `capacitacion` (`nombre`, `tipo`, `lugar`, `fecha_cursada`, `institucion`, `modalidad`, `duracion_horas`, `evidencia`, `id_usuario`) VALUES (NULL, NULL, NULL, NULL, NULL, NULL, NULL, NULL, NULL)')
 4 SYSTEMPATH\Database\BaseBuilder.php(1916): CodeIgniter\Database\BaseConnection->query('INSERT INTO `capacitacion` (`nombre`, `tipo`, `lugar`, `fecha_cursada`, `institucion`, `modalidad`, `duracion_horas`, `evidencia`, `id_usuario`) VALUES (:nombre:, :tipo:, :lugar:, :fecha_cursada:, :institucion:, :modalidad:, :duracion_horas:, :evidencia:, :id_usuario:)', [...], false)
 5 SYSTEMPATH\Model.php(279): CodeIgniter\Database\BaseBuilder->insert()
 6 SYSTEMPATH\BaseModel.php(749): CodeIgniter\Model->doInsert([...])
 7 SYSTEMPATH\Model.php(667): CodeIgniter\BaseModel->insert([...], true)
 8 APPPATH\Controllers\Capacitacion.php(43): CodeIgniter\Model->insert([...])
 9 SYSTEMPATH\CodeIgniter.php(927): App\Controllers\Capacitacion->save()
10 SYSTEMPATH\CodeIgniter.php(482): CodeIgniter\CodeIgniter->runController(Object(App\Controllers\Capacitacion))
11 SYSTEMPATH\CodeIgniter.php(351): CodeIgniter\CodeIgniter->handleRequest(null, Object(Config\Cache), false)
12 FCPATH\index.php(67): CodeIgniter\CodeIgniter->run()
ERROR - 2022-11-21 18:56:28 --> mysqli_sql_exception: Column 'nombre' cannot be null in C:\laragon\www\itson\system\Database\MySQLi\Connection.php:292
Stack trace:
#0 C:\laragon\www\itson\system\Database\MySQLi\Connection.php(292): mysqli->query('INSERT INTO `ca...', 0)
#1 C:\laragon\www\itson\system\Database\BaseConnection.php(666): CodeIgniter\Database\MySQLi\Connection->execute('INSERT INTO `ca...')
#2 C:\laragon\www\itson\system\Database\BaseConnection.php(593): CodeIgniter\Database\BaseConnection->simpleQuery('INSERT INTO `ca...')
#3 C:\laragon\www\itson\system\Database\BaseBuilder.php(1916): CodeIgniter\Database\BaseConnection->query('INSERT INTO `ca...', Array, false)
#4 C:\laragon\www\itson\system\Model.php(279): CodeIgniter\Database\BaseBuilder->insert()
#5 C:\laragon\www\itson\system\BaseModel.php(749): CodeIgniter\Model->doInsert(Array)
#6 C:\laragon\www\itson\system\Model.php(667): CodeIgniter\BaseModel->insert(Array, true)
#7 C:\laragon\www\itson\app\Controllers\Capacitacion.php(43): CodeIgniter\Model->insert(Array)
#8 C:\laragon\www\itson\system\CodeIgniter.php(927): App\Controllers\Capacitacion->save()
#9 C:\laragon\www\itson\system\CodeIgniter.php(482): CodeIgniter\CodeIgniter->runController(Object(App\Controllers\Capacitacion))
#10 C:\laragon\www\itson\system\CodeIgniter.php(351): CodeIgniter\CodeIgniter->handleRequest(NULL, Object(Config\Cache), false)
#11 C:\laragon\www\itson\public\index.php(67): CodeIgniter\CodeIgniter->run()
#12 {main}
CRITICAL - 2022-11-21 18:56:28 --> Column 'nombre' cannot be null
in SYSTEMPATH\Database\MySQLi\Connection.php on line 292.
 1 SYSTEMPATH\Database\MySQLi\Connection.php(292): mysqli->query('INSERT INTO `capacitacion` (`nombre`, `tipo`, `lugar`, `fecha_cursada`, `institucion`, `modalidad`, `duracion_horas`, `evidencia`, `id_usuario`) VALUES (NULL, NULL, NULL, NULL, NULL, NULL, NULL, NULL, NULL)', 0)
 2 SYSTEMPATH\Database\BaseConnection.php(666): CodeIgniter\Database\MySQLi\Connection->execute('INSERT INTO `capacitacion` (`nombre`, `tipo`, `lugar`, `fecha_cursada`, `institucion`, `modalidad`, `duracion_horas`, `evidencia`, `id_usuario`) VALUES (NULL, NULL, NULL, NULL, NULL, NULL, NULL, NULL, NULL)')
 3 SYSTEMPATH\Database\BaseConnection.php(593): CodeIgniter\Database\BaseConnection->simpleQuery('INSERT INTO `capacitacion` (`nombre`, `tipo`, `lugar`, `fecha_cursada`, `institucion`, `modalidad`, `duracion_horas`, `evidencia`, `id_usuario`) VALUES (NULL, NULL, NULL, NULL, NULL, NULL, NULL, NULL, NULL)')
 4 SYSTEMPATH\Database\BaseBuilder.php(1916): CodeIgniter\Database\BaseConnection->query('INSERT INTO `capacitacion` (`nombre`, `tipo`, `lugar`, `fecha_cursada`, `institucion`, `modalidad`, `duracion_horas`, `evidencia`, `id_usuario`) VALUES (:nombre:, :tipo:, :lugar:, :fecha_cursada:, :institucion:, :modalidad:, :duracion_horas:, :evidencia:, :id_usuario:)', [...], false)
 5 SYSTEMPATH\Model.php(279): CodeIgniter\Database\BaseBuilder->insert()
 6 SYSTEMPATH\BaseModel.php(749): CodeIgniter\Model->doInsert([...])
 7 SYSTEMPATH\Model.php(667): CodeIgniter\BaseModel->insert([...], true)
 8 APPPATH\Controllers\Capacitacion.php(43): CodeIgniter\Model->insert([...])
 9 SYSTEMPATH\CodeIgniter.php(927): App\Controllers\Capacitacion->save()
10 SYSTEMPATH\CodeIgniter.php(482): CodeIgniter\CodeIgniter->runController(Object(App\Controllers\Capacitacion))
11 SYSTEMPATH\CodeIgniter.php(351): CodeIgniter\CodeIgniter->handleRequest(null, Object(Config\Cache), false)
12 FCPATH\index.php(67): CodeIgniter\CodeIgniter->run()
ERROR - 2022-11-21 18:57:34 --> mysqli_sql_exception: Column 'nombre' cannot be null in C:\laragon\www\itson\system\Database\MySQLi\Connection.php:292
Stack trace:
#0 C:\laragon\www\itson\system\Database\MySQLi\Connection.php(292): mysqli->query('INSERT INTO `ca...', 0)
#1 C:\laragon\www\itson\system\Database\BaseConnection.php(666): CodeIgniter\Database\MySQLi\Connection->execute('INSERT INTO `ca...')
#2 C:\laragon\www\itson\system\Database\BaseConnection.php(593): CodeIgniter\Database\BaseConnection->simpleQuery('INSERT INTO `ca...')
#3 C:\laragon\www\itson\system\Database\BaseBuilder.php(1916): CodeIgniter\Database\BaseConnection->query('INSERT INTO `ca...', Array, false)
#4 C:\laragon\www\itson\system\Model.php(279): CodeIgniter\Database\BaseBuilder->insert()
#5 C:\laragon\www\itson\system\BaseModel.php(749): CodeIgniter\Model->doInsert(Array)
#6 C:\laragon\www\itson\system\Model.php(667): CodeIgniter\BaseModel->insert(Array, true)
#7 C:\laragon\www\itson\app\Controllers\Capacitacion.php(43): CodeIgniter\Model->insert(Array)
#8 C:\laragon\www\itson\system\CodeIgniter.php(927): App\Controllers\Capacitacion->save()
#9 C:\laragon\www\itson\system\CodeIgniter.php(482): CodeIgniter\CodeIgniter->runController(Object(App\Controllers\Capacitacion))
#10 C:\laragon\www\itson\system\CodeIgniter.php(351): CodeIgniter\CodeIgniter->handleRequest(NULL, Object(Config\Cache), false)
#11 C:\laragon\www\itson\public\index.php(67): CodeIgniter\CodeIgniter->run()
#12 {main}
CRITICAL - 2022-11-21 18:57:34 --> Column 'nombre' cannot be null
in SYSTEMPATH\Database\MySQLi\Connection.php on line 292.
 1 SYSTEMPATH\Database\MySQLi\Connection.php(292): mysqli->query('INSERT INTO `capacitacion` (`nombre`, `tipo`, `lugar`, `fecha_cursada`, `institucion`, `modalidad`, `duracion_horas`, `evidencia`, `id_usuario`) VALUES (NULL, NULL, NULL, NULL, NULL, NULL, NULL, NULL, NULL)', 0)
 2 SYSTEMPATH\Database\BaseConnection.php(666): CodeIgniter\Database\MySQLi\Connection->execute('INSERT INTO `capacitacion` (`nombre`, `tipo`, `lugar`, `fecha_cursada`, `institucion`, `modalidad`, `duracion_horas`, `evidencia`, `id_usuario`) VALUES (NULL, NULL, NULL, NULL, NULL, NULL, NULL, NULL, NULL)')
 3 SYSTEMPATH\Database\BaseConnection.php(593): CodeIgniter\Database\BaseConnection->simpleQuery('INSERT INTO `capacitacion` (`nombre`, `tipo`, `lugar`, `fecha_cursada`, `institucion`, `modalidad`, `duracion_horas`, `evidencia`, `id_usuario`) VALUES (NULL, NULL, NULL, NULL, NULL, NULL, NULL, NULL, NULL)')
 4 SYSTEMPATH\Database\BaseBuilder.php(1916): CodeIgniter\Database\BaseConnection->query('INSERT INTO `capacitacion` (`nombre`, `tipo`, `lugar`, `fecha_cursada`, `institucion`, `modalidad`, `duracion_horas`, `evidencia`, `id_usuario`) VALUES (:nombre:, :tipo:, :lugar:, :fecha_cursada:, :institucion:, :modalidad:, :duracion_horas:, :evidencia:, :id_usuario:)', [...], false)
 5 SYSTEMPATH\Model.php(279): CodeIgniter\Database\BaseBuilder->insert()
 6 SYSTEMPATH\BaseModel.php(749): CodeIgniter\Model->doInsert([...])
 7 SYSTEMPATH\Model.php(667): CodeIgniter\BaseModel->insert([...], true)
 8 APPPATH\Controllers\Capacitacion.php(43): CodeIgniter\Model->insert([...])
 9 SYSTEMPATH\CodeIgniter.php(927): App\Controllers\Capacitacion->save()
10 SYSTEMPATH\CodeIgniter.php(482): CodeIgniter\CodeIgniter->runController(Object(App\Controllers\Capacitacion))
11 SYSTEMPATH\CodeIgniter.php(351): CodeIgniter\CodeIgniter->handleRequest(null, Object(Config\Cache), false)
12 FCPATH\index.php(67): CodeIgniter\CodeIgniter->run()
ERROR - 2022-11-21 18:57:39 --> mysqli_sql_exception: Column 'nombre' cannot be null in C:\laragon\www\itson\system\Database\MySQLi\Connection.php:292
Stack trace:
#0 C:\laragon\www\itson\system\Database\MySQLi\Connection.php(292): mysqli->query('INSERT INTO `ca...', 0)
#1 C:\laragon\www\itson\system\Database\BaseConnection.php(666): CodeIgniter\Database\MySQLi\Connection->execute('INSERT INTO `ca...')
#2 C:\laragon\www\itson\system\Database\BaseConnection.php(593): CodeIgniter\Database\BaseConnection->simpleQuery('INSERT INTO `ca...')
#3 C:\laragon\www\itson\system\Database\BaseBuilder.php(1916): CodeIgniter\Database\BaseConnection->query('INSERT INTO `ca...', Array, false)
#4 C:\laragon\www\itson\system\Model.php(279): CodeIgniter\Database\BaseBuilder->insert()
#5 C:\laragon\www\itson\system\BaseModel.php(749): CodeIgniter\Model->doInsert(Array)
#6 C:\laragon\www\itson\system\Model.php(667): CodeIgniter\BaseModel->insert(Array, true)
#7 C:\laragon\www\itson\app\Controllers\Capacitacion.php(43): CodeIgniter\Model->insert(Array)
#8 C:\laragon\www\itson\system\CodeIgniter.php(927): App\Controllers\Capacitacion->save()
#9 C:\laragon\www\itson\system\CodeIgniter.php(482): CodeIgniter\CodeIgniter->runController(Object(App\Controllers\Capacitacion))
#10 C:\laragon\www\itson\system\CodeIgniter.php(351): CodeIgniter\CodeIgniter->handleRequest(NULL, Object(Config\Cache), false)
#11 C:\laragon\www\itson\public\index.php(67): CodeIgniter\CodeIgniter->run()
#12 {main}
CRITICAL - 2022-11-21 18:57:39 --> Column 'nombre' cannot be null
in SYSTEMPATH\Database\MySQLi\Connection.php on line 292.
 1 SYSTEMPATH\Database\MySQLi\Connection.php(292): mysqli->query('INSERT INTO `capacitacion` (`nombre`, `tipo`, `lugar`, `fecha_cursada`, `institucion`, `modalidad`, `duracion_horas`, `evidencia`, `id_usuario`) VALUES (NULL, NULL, NULL, NULL, NULL, NULL, NULL, NULL, NULL)', 0)
 2 SYSTEMPATH\Database\BaseConnection.php(666): CodeIgniter\Database\MySQLi\Connection->execute('INSERT INTO `capacitacion` (`nombre`, `tipo`, `lugar`, `fecha_cursada`, `institucion`, `modalidad`, `duracion_horas`, `evidencia`, `id_usuario`) VALUES (NULL, NULL, NULL, NULL, NULL, NULL, NULL, NULL, NULL)')
 3 SYSTEMPATH\Database\BaseConnection.php(593): CodeIgniter\Database\BaseConnection->simpleQuery('INSERT INTO `capacitacion` (`nombre`, `tipo`, `lugar`, `fecha_cursada`, `institucion`, `modalidad`, `duracion_horas`, `evidencia`, `id_usuario`) VALUES (NULL, NULL, NULL, NULL, NULL, NULL, NULL, NULL, NULL)')
 4 SYSTEMPATH\Database\BaseBuilder.php(1916): CodeIgniter\Database\BaseConnection->query('INSERT INTO `capacitacion` (`nombre`, `tipo`, `lugar`, `fecha_cursada`, `institucion`, `modalidad`, `duracion_horas`, `evidencia`, `id_usuario`) VALUES (:nombre:, :tipo:, :lugar:, :fecha_cursada:, :institucion:, :modalidad:, :duracion_horas:, :evidencia:, :id_usuario:)', [...], false)
 5 SYSTEMPATH\Model.php(279): CodeIgniter\Database\BaseBuilder->insert()
 6 SYSTEMPATH\BaseModel.php(749): CodeIgniter\Model->doInsert([...])
 7 SYSTEMPATH\Model.php(667): CodeIgniter\BaseModel->insert([...], true)
 8 APPPATH\Controllers\Capacitacion.php(43): CodeIgniter\Model->insert([...])
 9 SYSTEMPATH\CodeIgniter.php(927): App\Controllers\Capacitacion->save()
10 SYSTEMPATH\CodeIgniter.php(482): CodeIgniter\CodeIgniter->runController(Object(App\Controllers\Capacitacion))
11 SYSTEMPATH\CodeIgniter.php(351): CodeIgniter\CodeIgniter->handleRequest(null, Object(Config\Cache), false)
12 FCPATH\index.php(67): CodeIgniter\CodeIgniter->run()
ERROR - 2022-11-21 18:57:59 --> mysqli_sql_exception: Column 'nombre' cannot be null in C:\laragon\www\itson\system\Database\MySQLi\Connection.php:292
Stack trace:
#0 C:\laragon\www\itson\system\Database\MySQLi\Connection.php(292): mysqli->query('INSERT INTO `ca...', 0)
#1 C:\laragon\www\itson\system\Database\BaseConnection.php(666): CodeIgniter\Database\MySQLi\Connection->execute('INSERT INTO `ca...')
#2 C:\laragon\www\itson\system\Database\BaseConnection.php(593): CodeIgniter\Database\BaseConnection->simpleQuery('INSERT INTO `ca...')
#3 C:\laragon\www\itson\system\Database\BaseBuilder.php(1916): CodeIgniter\Database\BaseConnection->query('INSERT INTO `ca...', Array, false)
#4 C:\laragon\www\itson\system\Model.php(279): CodeIgniter\Database\BaseBuilder->insert()
#5 C:\laragon\www\itson\system\BaseModel.php(749): CodeIgniter\Model->doInsert(Array)
#6 C:\laragon\www\itson\system\Model.php(667): CodeIgniter\BaseModel->insert(Array, true)
#7 C:\laragon\www\itson\app\Controllers\Capacitacion.php(43): CodeIgniter\Model->insert(Array)
#8 C:\laragon\www\itson\system\CodeIgniter.php(927): App\Controllers\Capacitacion->save()
#9 C:\laragon\www\itson\system\CodeIgniter.php(482): CodeIgniter\CodeIgniter->runController(Object(App\Controllers\Capacitacion))
#10 C:\laragon\www\itson\system\CodeIgniter.php(351): CodeIgniter\CodeIgniter->handleRequest(NULL, Object(Config\Cache), false)
#11 C:\laragon\www\itson\public\index.php(67): CodeIgniter\CodeIgniter->run()
#12 {main}
CRITICAL - 2022-11-21 18:57:59 --> Column 'nombre' cannot be null
in SYSTEMPATH\Database\MySQLi\Connection.php on line 292.
 1 SYSTEMPATH\Database\MySQLi\Connection.php(292): mysqli->query('INSERT INTO `capacitacion` (`nombre`, `tipo`, `lugar`, `fecha_cursada`, `institucion`, `modalidad`, `duracion_horas`, `evidencia`, `id_usuario`) VALUES (NULL, NULL, NULL, NULL, NULL, NULL, NULL, NULL, NULL)', 0)
 2 SYSTEMPATH\Database\BaseConnection.php(666): CodeIgniter\Database\MySQLi\Connection->execute('INSERT INTO `capacitacion` (`nombre`, `tipo`, `lugar`, `fecha_cursada`, `institucion`, `modalidad`, `duracion_horas`, `evidencia`, `id_usuario`) VALUES (NULL, NULL, NULL, NULL, NULL, NULL, NULL, NULL, NULL)')
 3 SYSTEMPATH\Database\BaseConnection.php(593): CodeIgniter\Database\BaseConnection->simpleQuery('INSERT INTO `capacitacion` (`nombre`, `tipo`, `lugar`, `fecha_cursada`, `institucion`, `modalidad`, `duracion_horas`, `evidencia`, `id_usuario`) VALUES (NULL, NULL, NULL, NULL, NULL, NULL, NULL, NULL, NULL)')
 4 SYSTEMPATH\Database\BaseBuilder.php(1916): CodeIgniter\Database\BaseConnection->query('INSERT INTO `capacitacion` (`nombre`, `tipo`, `lugar`, `fecha_cursada`, `institucion`, `modalidad`, `duracion_horas`, `evidencia`, `id_usuario`) VALUES (:nombre:, :tipo:, :lugar:, :fecha_cursada:, :institucion:, :modalidad:, :duracion_horas:, :evidencia:, :id_usuario:)', [...], false)
 5 SYSTEMPATH\Model.php(279): CodeIgniter\Database\BaseBuilder->insert()
 6 SYSTEMPATH\BaseModel.php(749): CodeIgniter\Model->doInsert([...])
 7 SYSTEMPATH\Model.php(667): CodeIgniter\BaseModel->insert([...], true)
 8 APPPATH\Controllers\Capacitacion.php(43): CodeIgniter\Model->insert([...])
 9 SYSTEMPATH\CodeIgniter.php(927): App\Controllers\Capacitacion->save()
10 SYSTEMPATH\CodeIgniter.php(482): CodeIgniter\CodeIgniter->runController(Object(App\Controllers\Capacitacion))
11 SYSTEMPATH\CodeIgniter.php(351): CodeIgniter\CodeIgniter->handleRequest(null, Object(Config\Cache), false)
12 FCPATH\index.php(67): CodeIgniter\CodeIgniter->run()
ERROR - 2022-11-21 18:58:04 --> mysqli_sql_exception: Column 'nombre' cannot be null in C:\laragon\www\itson\system\Database\MySQLi\Connection.php:292
Stack trace:
#0 C:\laragon\www\itson\system\Database\MySQLi\Connection.php(292): mysqli->query('INSERT INTO `ca...', 0)
#1 C:\laragon\www\itson\system\Database\BaseConnection.php(666): CodeIgniter\Database\MySQLi\Connection->execute('INSERT INTO `ca...')
#2 C:\laragon\www\itson\system\Database\BaseConnection.php(593): CodeIgniter\Database\BaseConnection->simpleQuery('INSERT INTO `ca...')
#3 C:\laragon\www\itson\system\Database\BaseBuilder.php(1916): CodeIgniter\Database\BaseConnection->query('INSERT INTO `ca...', Array, false)
#4 C:\laragon\www\itson\system\Model.php(279): CodeIgniter\Database\BaseBuilder->insert()
#5 C:\laragon\www\itson\system\BaseModel.php(749): CodeIgniter\Model->doInsert(Array)
#6 C:\laragon\www\itson\system\Model.php(667): CodeIgniter\BaseModel->insert(Array, true)
#7 C:\laragon\www\itson\app\Controllers\Capacitacion.php(43): CodeIgniter\Model->insert(Array)
#8 C:\laragon\www\itson\system\CodeIgniter.php(927): App\Controllers\Capacitacion->save()
#9 C:\laragon\www\itson\system\CodeIgniter.php(482): CodeIgniter\CodeIgniter->runController(Object(App\Controllers\Capacitacion))
#10 C:\laragon\www\itson\system\CodeIgniter.php(351): CodeIgniter\CodeIgniter->handleRequest(NULL, Object(Config\Cache), false)
#11 C:\laragon\www\itson\public\index.php(67): CodeIgniter\CodeIgniter->run()
#12 {main}
CRITICAL - 2022-11-21 18:58:04 --> Column 'nombre' cannot be null
in SYSTEMPATH\Database\MySQLi\Connection.php on line 292.
 1 SYSTEMPATH\Database\MySQLi\Connection.php(292): mysqli->query('INSERT INTO `capacitacion` (`nombre`, `tipo`, `lugar`, `fecha_cursada`, `institucion`, `modalidad`, `duracion_horas`, `evidencia`, `id_usuario`) VALUES (NULL, NULL, NULL, NULL, NULL, NULL, NULL, NULL, NULL)', 0)
 2 SYSTEMPATH\Database\BaseConnection.php(666): CodeIgniter\Database\MySQLi\Connection->execute('INSERT INTO `capacitacion` (`nombre`, `tipo`, `lugar`, `fecha_cursada`, `institucion`, `modalidad`, `duracion_horas`, `evidencia`, `id_usuario`) VALUES (NULL, NULL, NULL, NULL, NULL, NULL, NULL, NULL, NULL)')
 3 SYSTEMPATH\Database\BaseConnection.php(593): CodeIgniter\Database\BaseConnection->simpleQuery('INSERT INTO `capacitacion` (`nombre`, `tipo`, `lugar`, `fecha_cursada`, `institucion`, `modalidad`, `duracion_horas`, `evidencia`, `id_usuario`) VALUES (NULL, NULL, NULL, NULL, NULL, NULL, NULL, NULL, NULL)')
 4 SYSTEMPATH\Database\BaseBuilder.php(1916): CodeIgniter\Database\BaseConnection->query('INSERT INTO `capacitacion` (`nombre`, `tipo`, `lugar`, `fecha_cursada`, `institucion`, `modalidad`, `duracion_horas`, `evidencia`, `id_usuario`) VALUES (:nombre:, :tipo:, :lugar:, :fecha_cursada:, :institucion:, :modalidad:, :duracion_horas:, :evidencia:, :id_usuario:)', [...], false)
 5 SYSTEMPATH\Model.php(279): CodeIgniter\Database\BaseBuilder->insert()
 6 SYSTEMPATH\BaseModel.php(749): CodeIgniter\Model->doInsert([...])
 7 SYSTEMPATH\Model.php(667): CodeIgniter\BaseModel->insert([...], true)
 8 APPPATH\Controllers\Capacitacion.php(43): CodeIgniter\Model->insert([...])
 9 SYSTEMPATH\CodeIgniter.php(927): App\Controllers\Capacitacion->save()
10 SYSTEMPATH\CodeIgniter.php(482): CodeIgniter\CodeIgniter->runController(Object(App\Controllers\Capacitacion))
11 SYSTEMPATH\CodeIgniter.php(351): CodeIgniter\CodeIgniter->handleRequest(null, Object(Config\Cache), false)
12 FCPATH\index.php(67): CodeIgniter\CodeIgniter->run()
ERROR - 2022-11-21 19:14:14 --> mysqli_sql_exception: Column 'nombre' cannot be null in C:\laragon\www\itson\system\Database\MySQLi\Connection.php:292
Stack trace:
#0 C:\laragon\www\itson\system\Database\MySQLi\Connection.php(292): mysqli->query('INSERT INTO `ca...', 0)
#1 C:\laragon\www\itson\system\Database\BaseConnection.php(666): CodeIgniter\Database\MySQLi\Connection->execute('INSERT INTO `ca...')
#2 C:\laragon\www\itson\system\Database\BaseConnection.php(593): CodeIgniter\Database\BaseConnection->simpleQuery('INSERT INTO `ca...')
#3 C:\laragon\www\itson\system\Database\BaseBuilder.php(1916): CodeIgniter\Database\BaseConnection->query('INSERT INTO `ca...', Array, false)
#4 C:\laragon\www\itson\system\Model.php(279): CodeIgniter\Database\BaseBuilder->insert()
#5 C:\laragon\www\itson\system\BaseModel.php(749): CodeIgniter\Model->doInsert(Array)
#6 C:\laragon\www\itson\system\Model.php(667): CodeIgniter\BaseModel->insert(Array, true)
#7 C:\laragon\www\itson\app\Controllers\Capacitacion.php(43): CodeIgniter\Model->insert(Array)
#8 C:\laragon\www\itson\system\CodeIgniter.php(927): App\Controllers\Capacitacion->save()
#9 C:\laragon\www\itson\system\CodeIgniter.php(482): CodeIgniter\CodeIgniter->runController(Object(App\Controllers\Capacitacion))
#10 C:\laragon\www\itson\system\CodeIgniter.php(351): CodeIgniter\CodeIgniter->handleRequest(NULL, Object(Config\Cache), false)
#11 C:\laragon\www\itson\public\index.php(67): CodeIgniter\CodeIgniter->run()
#12 {main}
CRITICAL - 2022-11-21 19:14:14 --> Column 'nombre' cannot be null
in SYSTEMPATH\Database\MySQLi\Connection.php on line 292.
 1 SYSTEMPATH\Database\MySQLi\Connection.php(292): mysqli->query('INSERT INTO `capacitacion` (`nombre`, `tipo`, `lugar`, `fecha_cursada`, `institucion`, `modalidad`, `duracion_horas`, `evidencia`, `id_usuario`) VALUES (NULL, NULL, NULL, NULL, NULL, NULL, NULL, NULL, NULL)', 0)
 2 SYSTEMPATH\Database\BaseConnection.php(666): CodeIgniter\Database\MySQLi\Connection->execute('INSERT INTO `capacitacion` (`nombre`, `tipo`, `lugar`, `fecha_cursada`, `institucion`, `modalidad`, `duracion_horas`, `evidencia`, `id_usuario`) VALUES (NULL, NULL, NULL, NULL, NULL, NULL, NULL, NULL, NULL)')
 3 SYSTEMPATH\Database\BaseConnection.php(593): CodeIgniter\Database\BaseConnection->simpleQuery('INSERT INTO `capacitacion` (`nombre`, `tipo`, `lugar`, `fecha_cursada`, `institucion`, `modalidad`, `duracion_horas`, `evidencia`, `id_usuario`) VALUES (NULL, NULL, NULL, NULL, NULL, NULL, NULL, NULL, NULL)')
 4 SYSTEMPATH\Database\BaseBuilder.php(1916): CodeIgniter\Database\BaseConnection->query('INSERT INTO `capacitacion` (`nombre`, `tipo`, `lugar`, `fecha_cursada`, `institucion`, `modalidad`, `duracion_horas`, `evidencia`, `id_usuario`) VALUES (:nombre:, :tipo:, :lugar:, :fecha_cursada:, :institucion:, :modalidad:, :duracion_horas:, :evidencia:, :id_usuario:)', [...], false)
 5 SYSTEMPATH\Model.php(279): CodeIgniter\Database\BaseBuilder->insert()
 6 SYSTEMPATH\BaseModel.php(749): CodeIgniter\Model->doInsert([...])
 7 SYSTEMPATH\Model.php(667): CodeIgniter\BaseModel->insert([...], true)
 8 APPPATH\Controllers\Capacitacion.php(43): CodeIgniter\Model->insert([...])
 9 SYSTEMPATH\CodeIgniter.php(927): App\Controllers\Capacitacion->save()
10 SYSTEMPATH\CodeIgniter.php(482): CodeIgniter\CodeIgniter->runController(Object(App\Controllers\Capacitacion))
11 SYSTEMPATH\CodeIgniter.php(351): CodeIgniter\CodeIgniter->handleRequest(null, Object(Config\Cache), false)
12 FCPATH\index.php(67): CodeIgniter\CodeIgniter->run()
ERROR - 2022-11-21 19:14:38 --> mysqli_sql_exception: Column 'nombre' cannot be null in C:\laragon\www\itson\system\Database\MySQLi\Connection.php:292
Stack trace:
#0 C:\laragon\www\itson\system\Database\MySQLi\Connection.php(292): mysqli->query('INSERT INTO `ca...', 0)
#1 C:\laragon\www\itson\system\Database\BaseConnection.php(666): CodeIgniter\Database\MySQLi\Connection->execute('INSERT INTO `ca...')
#2 C:\laragon\www\itson\system\Database\BaseConnection.php(593): CodeIgniter\Database\BaseConnection->simpleQuery('INSERT INTO `ca...')
#3 C:\laragon\www\itson\system\Database\BaseBuilder.php(1916): CodeIgniter\Database\BaseConnection->query('INSERT INTO `ca...', Array, false)
#4 C:\laragon\www\itson\system\Model.php(279): CodeIgniter\Database\BaseBuilder->insert()
#5 C:\laragon\www\itson\system\BaseModel.php(749): CodeIgniter\Model->doInsert(Array)
#6 C:\laragon\www\itson\system\Model.php(667): CodeIgniter\BaseModel->insert(Array, true)
#7 C:\laragon\www\itson\app\Controllers\Capacitacion.php(43): CodeIgniter\Model->insert(Array)
#8 C:\laragon\www\itson\system\CodeIgniter.php(927): App\Controllers\Capacitacion->save()
#9 C:\laragon\www\itson\system\CodeIgniter.php(482): CodeIgniter\CodeIgniter->runController(Object(App\Controllers\Capacitacion))
#10 C:\laragon\www\itson\system\CodeIgniter.php(351): CodeIgniter\CodeIgniter->handleRequest(NULL, Object(Config\Cache), false)
#11 C:\laragon\www\itson\public\index.php(67): CodeIgniter\CodeIgniter->run()
#12 {main}
CRITICAL - 2022-11-21 19:14:38 --> Column 'nombre' cannot be null
in SYSTEMPATH\Database\MySQLi\Connection.php on line 292.
 1 SYSTEMPATH\Database\MySQLi\Connection.php(292): mysqli->query('INSERT INTO `capacitacion` (`nombre`, `tipo`, `lugar`, `fecha_cursada`, `institucion`, `modalidad`, `duracion_horas`, `evidencia`, `id_usuario`) VALUES (NULL, NULL, NULL, NULL, NULL, NULL, NULL, NULL, NULL)', 0)
 2 SYSTEMPATH\Database\BaseConnection.php(666): CodeIgniter\Database\MySQLi\Connection->execute('INSERT INTO `capacitacion` (`nombre`, `tipo`, `lugar`, `fecha_cursada`, `institucion`, `modalidad`, `duracion_horas`, `evidencia`, `id_usuario`) VALUES (NULL, NULL, NULL, NULL, NULL, NULL, NULL, NULL, NULL)')
 3 SYSTEMPATH\Database\BaseConnection.php(593): CodeIgniter\Database\BaseConnection->simpleQuery('INSERT INTO `capacitacion` (`nombre`, `tipo`, `lugar`, `fecha_cursada`, `institucion`, `modalidad`, `duracion_horas`, `evidencia`, `id_usuario`) VALUES (NULL, NULL, NULL, NULL, NULL, NULL, NULL, NULL, NULL)')
 4 SYSTEMPATH\Database\BaseBuilder.php(1916): CodeIgniter\Database\BaseConnection->query('INSERT INTO `capacitacion` (`nombre`, `tipo`, `lugar`, `fecha_cursada`, `institucion`, `modalidad`, `duracion_horas`, `evidencia`, `id_usuario`) VALUES (:nombre:, :tipo:, :lugar:, :fecha_cursada:, :institucion:, :modalidad:, :duracion_horas:, :evidencia:, :id_usuario:)', [...], false)
 5 SYSTEMPATH\Model.php(279): CodeIgniter\Database\BaseBuilder->insert()
 6 SYSTEMPATH\BaseModel.php(749): CodeIgniter\Model->doInsert([...])
 7 SYSTEMPATH\Model.php(667): CodeIgniter\BaseModel->insert([...], true)
 8 APPPATH\Controllers\Capacitacion.php(43): CodeIgniter\Model->insert([...])
 9 SYSTEMPATH\CodeIgniter.php(927): App\Controllers\Capacitacion->save()
10 SYSTEMPATH\CodeIgniter.php(482): CodeIgniter\CodeIgniter->runController(Object(App\Controllers\Capacitacion))
11 SYSTEMPATH\CodeIgniter.php(351): CodeIgniter\CodeIgniter->handleRequest(null, Object(Config\Cache), false)
12 FCPATH\index.php(67): CodeIgniter\CodeIgniter->run()
ERROR - 2022-11-21 19:14:57 --> mysqli_sql_exception: Column 'nombre' cannot be null in C:\laragon\www\itson\system\Database\MySQLi\Connection.php:292
Stack trace:
#0 C:\laragon\www\itson\system\Database\MySQLi\Connection.php(292): mysqli->query('INSERT INTO `ca...', 0)
#1 C:\laragon\www\itson\system\Database\BaseConnection.php(666): CodeIgniter\Database\MySQLi\Connection->execute('INSERT INTO `ca...')
#2 C:\laragon\www\itson\system\Database\BaseConnection.php(593): CodeIgniter\Database\BaseConnection->simpleQuery('INSERT INTO `ca...')
#3 C:\laragon\www\itson\system\Database\BaseBuilder.php(1916): CodeIgniter\Database\BaseConnection->query('INSERT INTO `ca...', Array, false)
#4 C:\laragon\www\itson\system\Model.php(279): CodeIgniter\Database\BaseBuilder->insert()
#5 C:\laragon\www\itson\system\BaseModel.php(749): CodeIgniter\Model->doInsert(Array)
#6 C:\laragon\www\itson\system\Model.php(667): CodeIgniter\BaseModel->insert(Array, true)
#7 C:\laragon\www\itson\app\Controllers\Capacitacion.php(43): CodeIgniter\Model->insert(Array)
#8 C:\laragon\www\itson\system\CodeIgniter.php(927): App\Controllers\Capacitacion->save()
#9 C:\laragon\www\itson\system\CodeIgniter.php(482): CodeIgniter\CodeIgniter->runController(Object(App\Controllers\Capacitacion))
#10 C:\laragon\www\itson\system\CodeIgniter.php(351): CodeIgniter\CodeIgniter->handleRequest(NULL, Object(Config\Cache), false)
#11 C:\laragon\www\itson\public\index.php(67): CodeIgniter\CodeIgniter->run()
#12 {main}
CRITICAL - 2022-11-21 19:14:57 --> Column 'nombre' cannot be null
in SYSTEMPATH\Database\MySQLi\Connection.php on line 292.
 1 SYSTEMPATH\Database\MySQLi\Connection.php(292): mysqli->query('INSERT INTO `capacitacion` (`nombre`, `tipo`, `lugar`, `fecha_cursada`, `institucion`, `modalidad`, `duracion_horas`, `evidencia`, `id_usuario`) VALUES (NULL, NULL, NULL, NULL, NULL, NULL, NULL, NULL, NULL)', 0)
 2 SYSTEMPATH\Database\BaseConnection.php(666): CodeIgniter\Database\MySQLi\Connection->execute('INSERT INTO `capacitacion` (`nombre`, `tipo`, `lugar`, `fecha_cursada`, `institucion`, `modalidad`, `duracion_horas`, `evidencia`, `id_usuario`) VALUES (NULL, NULL, NULL, NULL, NULL, NULL, NULL, NULL, NULL)')
 3 SYSTEMPATH\Database\BaseConnection.php(593): CodeIgniter\Database\BaseConnection->simpleQuery('INSERT INTO `capacitacion` (`nombre`, `tipo`, `lugar`, `fecha_cursada`, `institucion`, `modalidad`, `duracion_horas`, `evidencia`, `id_usuario`) VALUES (NULL, NULL, NULL, NULL, NULL, NULL, NULL, NULL, NULL)')
 4 SYSTEMPATH\Database\BaseBuilder.php(1916): CodeIgniter\Database\BaseConnection->query('INSERT INTO `capacitacion` (`nombre`, `tipo`, `lugar`, `fecha_cursada`, `institucion`, `modalidad`, `duracion_horas`, `evidencia`, `id_usuario`) VALUES (:nombre:, :tipo:, :lugar:, :fecha_cursada:, :institucion:, :modalidad:, :duracion_horas:, :evidencia:, :id_usuario:)', [...], false)
 5 SYSTEMPATH\Model.php(279): CodeIgniter\Database\BaseBuilder->insert()
 6 SYSTEMPATH\BaseModel.php(749): CodeIgniter\Model->doInsert([...])
 7 SYSTEMPATH\Model.php(667): CodeIgniter\BaseModel->insert([...], true)
 8 APPPATH\Controllers\Capacitacion.php(43): CodeIgniter\Model->insert([...])
 9 SYSTEMPATH\CodeIgniter.php(927): App\Controllers\Capacitacion->save()
10 SYSTEMPATH\CodeIgniter.php(482): CodeIgniter\CodeIgniter->runController(Object(App\Controllers\Capacitacion))
11 SYSTEMPATH\CodeIgniter.php(351): CodeIgniter\CodeIgniter->handleRequest(null, Object(Config\Cache), false)
12 FCPATH\index.php(67): CodeIgniter\CodeIgniter->run()
ERROR - 2022-11-21 19:49:10 --> mysqli_sql_exception: Column 'nombre' cannot be null in C:\laragon\www\itson\system\Database\MySQLi\Connection.php:292
Stack trace:
#0 C:\laragon\www\itson\system\Database\MySQLi\Connection.php(292): mysqli->query('INSERT INTO `ca...', 0)
#1 C:\laragon\www\itson\system\Database\BaseConnection.php(666): CodeIgniter\Database\MySQLi\Connection->execute('INSERT INTO `ca...')
#2 C:\laragon\www\itson\system\Database\BaseConnection.php(593): CodeIgniter\Database\BaseConnection->simpleQuery('INSERT INTO `ca...')
#3 C:\laragon\www\itson\system\Database\BaseBuilder.php(1916): CodeIgniter\Database\BaseConnection->query('INSERT INTO `ca...', Array, false)
#4 C:\laragon\www\itson\system\Model.php(279): CodeIgniter\Database\BaseBuilder->insert()
#5 C:\laragon\www\itson\system\BaseModel.php(749): CodeIgniter\Model->doInsert(Array)
#6 C:\laragon\www\itson\system\Model.php(667): CodeIgniter\BaseModel->insert(Array, true)
#7 C:\laragon\www\itson\app\Controllers\Capacitacion.php(43): CodeIgniter\Model->insert(Array)
#8 C:\laragon\www\itson\system\CodeIgniter.php(927): App\Controllers\Capacitacion->save()
#9 C:\laragon\www\itson\system\CodeIgniter.php(482): CodeIgniter\CodeIgniter->runController(Object(App\Controllers\Capacitacion))
#10 C:\laragon\www\itson\system\CodeIgniter.php(351): CodeIgniter\CodeIgniter->handleRequest(NULL, Object(Config\Cache), false)
#11 C:\laragon\www\itson\public\index.php(67): CodeIgniter\CodeIgniter->run()
#12 {main}
CRITICAL - 2022-11-21 19:49:10 --> Column 'nombre' cannot be null
in SYSTEMPATH\Database\MySQLi\Connection.php on line 292.
 1 SYSTEMPATH\Database\MySQLi\Connection.php(292): mysqli->query('INSERT INTO `capacitacion` (`nombre`, `tipo`, `lugar`, `fecha_cursada`, `institucion`, `modalidad`, `duracion_horas`, `evidencia`, `id_usuario`) VALUES (NULL, NULL, NULL, NULL, NULL, NULL, NULL, NULL, NULL)', 0)
 2 SYSTEMPATH\Database\BaseConnection.php(666): CodeIgniter\Database\MySQLi\Connection->execute('INSERT INTO `capacitacion` (`nombre`, `tipo`, `lugar`, `fecha_cursada`, `institucion`, `modalidad`, `duracion_horas`, `evidencia`, `id_usuario`) VALUES (NULL, NULL, NULL, NULL, NULL, NULL, NULL, NULL, NULL)')
 3 SYSTEMPATH\Database\BaseConnection.php(593): CodeIgniter\Database\BaseConnection->simpleQuery('INSERT INTO `capacitacion` (`nombre`, `tipo`, `lugar`, `fecha_cursada`, `institucion`, `modalidad`, `duracion_horas`, `evidencia`, `id_usuario`) VALUES (NULL, NULL, NULL, NULL, NULL, NULL, NULL, NULL, NULL)')
 4 SYSTEMPATH\Database\BaseBuilder.php(1916): CodeIgniter\Database\BaseConnection->query('INSERT INTO `capacitacion` (`nombre`, `tipo`, `lugar`, `fecha_cursada`, `institucion`, `modalidad`, `duracion_horas`, `evidencia`, `id_usuario`) VALUES (:nombre:, :tipo:, :lugar:, :fecha_cursada:, :institucion:, :modalidad:, :duracion_horas:, :evidencia:, :id_usuario:)', [...], false)
 5 SYSTEMPATH\Model.php(279): CodeIgniter\Database\BaseBuilder->insert()
 6 SYSTEMPATH\BaseModel.php(749): CodeIgniter\Model->doInsert([...])
 7 SYSTEMPATH\Model.php(667): CodeIgniter\BaseModel->insert([...], true)
 8 APPPATH\Controllers\Capacitacion.php(43): CodeIgniter\Model->insert([...])
 9 SYSTEMPATH\CodeIgniter.php(927): App\Controllers\Capacitacion->save()
10 SYSTEMPATH\CodeIgniter.php(482): CodeIgniter\CodeIgniter->runController(Object(App\Controllers\Capacitacion))
11 SYSTEMPATH\CodeIgniter.php(351): CodeIgniter\CodeIgniter->handleRequest(null, Object(Config\Cache), false)
12 FCPATH\index.php(67): CodeIgniter\CodeIgniter->run()
ERROR - 2022-11-21 19:52:07 --> mysqli_sql_exception: Column 'nombre' cannot be null in C:\laragon\www\itson\system\Database\MySQLi\Connection.php:292
Stack trace:
#0 C:\laragon\www\itson\system\Database\MySQLi\Connection.php(292): mysqli->query('INSERT INTO `ca...', 0)
#1 C:\laragon\www\itson\system\Database\BaseConnection.php(666): CodeIgniter\Database\MySQLi\Connection->execute('INSERT INTO `ca...')
#2 C:\laragon\www\itson\system\Database\BaseConnection.php(593): CodeIgniter\Database\BaseConnection->simpleQuery('INSERT INTO `ca...')
#3 C:\laragon\www\itson\system\Database\BaseBuilder.php(1916): CodeIgniter\Database\BaseConnection->query('INSERT INTO `ca...', Array, false)
#4 C:\laragon\www\itson\system\Model.php(279): CodeIgniter\Database\BaseBuilder->insert()
#5 C:\laragon\www\itson\system\BaseModel.php(749): CodeIgniter\Model->doInsert(Array)
#6 C:\laragon\www\itson\system\Model.php(667): CodeIgniter\BaseModel->insert(Array, true)
#7 C:\laragon\www\itson\app\Controllers\Capacitacion.php(43): CodeIgniter\Model->insert(Array)
#8 C:\laragon\www\itson\system\CodeIgniter.php(927): App\Controllers\Capacitacion->save()
#9 C:\laragon\www\itson\system\CodeIgniter.php(482): CodeIgniter\CodeIgniter->runController(Object(App\Controllers\Capacitacion))
#10 C:\laragon\www\itson\system\CodeIgniter.php(351): CodeIgniter\CodeIgniter->handleRequest(NULL, Object(Config\Cache), false)
#11 C:\laragon\www\itson\public\index.php(67): CodeIgniter\CodeIgniter->run()
#12 {main}
CRITICAL - 2022-11-21 19:52:07 --> Column 'nombre' cannot be null
in SYSTEMPATH\Database\MySQLi\Connection.php on line 292.
 1 SYSTEMPATH\Database\MySQLi\Connection.php(292): mysqli->query('INSERT INTO `capacitacion` (`nombre`, `tipo`, `lugar`, `fecha_cursada`, `institucion`, `modalidad`, `duracion_horas`, `evidencia`, `id_usuario`) VALUES (NULL, NULL, NULL, NULL, NULL, NULL, NULL, NULL, NULL)', 0)
 2 SYSTEMPATH\Database\BaseConnection.php(666): CodeIgniter\Database\MySQLi\Connection->execute('INSERT INTO `capacitacion` (`nombre`, `tipo`, `lugar`, `fecha_cursada`, `institucion`, `modalidad`, `duracion_horas`, `evidencia`, `id_usuario`) VALUES (NULL, NULL, NULL, NULL, NULL, NULL, NULL, NULL, NULL)')
 3 SYSTEMPATH\Database\BaseConnection.php(593): CodeIgniter\Database\BaseConnection->simpleQuery('INSERT INTO `capacitacion` (`nombre`, `tipo`, `lugar`, `fecha_cursada`, `institucion`, `modalidad`, `duracion_horas`, `evidencia`, `id_usuario`) VALUES (NULL, NULL, NULL, NULL, NULL, NULL, NULL, NULL, NULL)')
 4 SYSTEMPATH\Database\BaseBuilder.php(1916): CodeIgniter\Database\BaseConnection->query('INSERT INTO `capacitacion` (`nombre`, `tipo`, `lugar`, `fecha_cursada`, `institucion`, `modalidad`, `duracion_horas`, `evidencia`, `id_usuario`) VALUES (:nombre:, :tipo:, :lugar:, :fecha_cursada:, :institucion:, :modalidad:, :duracion_horas:, :evidencia:, :id_usuario:)', [...], false)
 5 SYSTEMPATH\Model.php(279): CodeIgniter\Database\BaseBuilder->insert()
 6 SYSTEMPATH\BaseModel.php(749): CodeIgniter\Model->doInsert([...])
 7 SYSTEMPATH\Model.php(667): CodeIgniter\BaseModel->insert([...], true)
 8 APPPATH\Controllers\Capacitacion.php(43): CodeIgniter\Model->insert([...])
 9 SYSTEMPATH\CodeIgniter.php(927): App\Controllers\Capacitacion->save()
10 SYSTEMPATH\CodeIgniter.php(482): CodeIgniter\CodeIgniter->runController(Object(App\Controllers\Capacitacion))
11 SYSTEMPATH\CodeIgniter.php(351): CodeIgniter\CodeIgniter->handleRequest(null, Object(Config\Cache), false)
12 FCPATH\index.php(67): CodeIgniter\CodeIgniter->run()
ERROR - 2022-11-21 19:54:12 --> mysqli_sql_exception: Column 'nombre' cannot be null in C:\laragon\www\itson\system\Database\MySQLi\Connection.php:292
Stack trace:
#0 C:\laragon\www\itson\system\Database\MySQLi\Connection.php(292): mysqli->query('INSERT INTO `ca...', 0)
#1 C:\laragon\www\itson\system\Database\BaseConnection.php(666): CodeIgniter\Database\MySQLi\Connection->execute('INSERT INTO `ca...')
#2 C:\laragon\www\itson\system\Database\BaseConnection.php(593): CodeIgniter\Database\BaseConnection->simpleQuery('INSERT INTO `ca...')
#3 C:\laragon\www\itson\system\Database\BaseBuilder.php(1916): CodeIgniter\Database\BaseConnection->query('INSERT INTO `ca...', Array, false)
#4 C:\laragon\www\itson\system\Model.php(279): CodeIgniter\Database\BaseBuilder->insert()
#5 C:\laragon\www\itson\system\BaseModel.php(749): CodeIgniter\Model->doInsert(Array)
#6 C:\laragon\www\itson\system\Model.php(667): CodeIgniter\BaseModel->insert(Array, true)
#7 C:\laragon\www\itson\app\Controllers\Capacitacion.php(43): CodeIgniter\Model->insert(Array)
#8 C:\laragon\www\itson\system\CodeIgniter.php(927): App\Controllers\Capacitacion->save()
#9 C:\laragon\www\itson\system\CodeIgniter.php(482): CodeIgniter\CodeIgniter->runController(Object(App\Controllers\Capacitacion))
#10 C:\laragon\www\itson\system\CodeIgniter.php(351): CodeIgniter\CodeIgniter->handleRequest(NULL, Object(Config\Cache), false)
#11 C:\laragon\www\itson\public\index.php(67): CodeIgniter\CodeIgniter->run()
#12 {main}
CRITICAL - 2022-11-21 19:54:12 --> Column 'nombre' cannot be null
in SYSTEMPATH\Database\MySQLi\Connection.php on line 292.
 1 SYSTEMPATH\Database\MySQLi\Connection.php(292): mysqli->query('INSERT INTO `capacitacion` (`nombre`, `tipo`, `lugar`, `fecha_cursada`, `institucion`, `modalidad`, `duracion_horas`, `evidencia`, `id_usuario`) VALUES (NULL, NULL, NULL, NULL, NULL, NULL, NULL, NULL, NULL)', 0)
 2 SYSTEMPATH\Database\BaseConnection.php(666): CodeIgniter\Database\MySQLi\Connection->execute('INSERT INTO `capacitacion` (`nombre`, `tipo`, `lugar`, `fecha_cursada`, `institucion`, `modalidad`, `duracion_horas`, `evidencia`, `id_usuario`) VALUES (NULL, NULL, NULL, NULL, NULL, NULL, NULL, NULL, NULL)')
 3 SYSTEMPATH\Database\BaseConnection.php(593): CodeIgniter\Database\BaseConnection->simpleQuery('INSERT INTO `capacitacion` (`nombre`, `tipo`, `lugar`, `fecha_cursada`, `institucion`, `modalidad`, `duracion_horas`, `evidencia`, `id_usuario`) VALUES (NULL, NULL, NULL, NULL, NULL, NULL, NULL, NULL, NULL)')
 4 SYSTEMPATH\Database\BaseBuilder.php(1916): CodeIgniter\Database\BaseConnection->query('INSERT INTO `capacitacion` (`nombre`, `tipo`, `lugar`, `fecha_cursada`, `institucion`, `modalidad`, `duracion_horas`, `evidencia`, `id_usuario`) VALUES (:nombre:, :tipo:, :lugar:, :fecha_cursada:, :institucion:, :modalidad:, :duracion_horas:, :evidencia:, :id_usuario:)', [...], false)
 5 SYSTEMPATH\Model.php(279): CodeIgniter\Database\BaseBuilder->insert()
 6 SYSTEMPATH\BaseModel.php(749): CodeIgniter\Model->doInsert([...])
 7 SYSTEMPATH\Model.php(667): CodeIgniter\BaseModel->insert([...], true)
 8 APPPATH\Controllers\Capacitacion.php(43): CodeIgniter\Model->insert([...])
 9 SYSTEMPATH\CodeIgniter.php(927): App\Controllers\Capacitacion->save()
10 SYSTEMPATH\CodeIgniter.php(482): CodeIgniter\CodeIgniter->runController(Object(App\Controllers\Capacitacion))
11 SYSTEMPATH\CodeIgniter.php(351): CodeIgniter\CodeIgniter->handleRequest(null, Object(Config\Cache), false)
12 FCPATH\index.php(67): CodeIgniter\CodeIgniter->run()
