CRITICAL - 2022-12-20 20:34:48 --> Undefined index: horas
in APPPATH\Views\Capacitacion\index.php on line 20.
 1 APPPATH\Views\Capacitacion\index.php(20): CodeIgniter\Debug\Exceptions->errorHandler(8, 'Undefined index: horas', 'APPPATH\\Views\\Capacitacion\\index.php', 20, [...])
 2 SYSTEMPATH\View\View.php(213): include('APPPATH\\Views\\Capacitacion\\index.php')
 3 SYSTEMPATH\View\View.php(216): CodeIgniter\View\View->CodeIgniter\View\{closure}()
 4 SYSTEMPATH\Common.php(1134): CodeIgniter\View\View->render('/Capacitacion/index', [], true)
 5 APPPATH\Controllers\Capacitacion.php(23): view('/Capacitacion/index', [...])
 6 SYSTEMPATH\CodeIgniter.php(927): App\Controllers\Capacitacion->index()
 7 SYSTEMPATH\CodeIgniter.php(482): CodeIgniter\CodeIgniter->runController(Object(App\Controllers\Capacitacion))
 8 SYSTEMPATH\CodeIgniter.php(351): CodeIgniter\CodeIgniter->handleRequest(null, Object(Config\Cache), false)
 9 FCPATH\index.php(67): CodeIgniter\CodeIgniter->run()
CRITICAL - 2022-12-20 20:34:59 --> Array to string conversion
in APPPATH\Views\Capacitacion\index.php on line 20.
 1 APPPATH\Views\Capacitacion\index.php(20): CodeIgniter\Debug\Exceptions->errorHandler(8, 'Array to string conversion', 'APPPATH\\Views\\Capacitacion\\index.php', 20, [...])
 2 SYSTEMPATH\View\View.php(213): include('APPPATH\\Views\\Capacitacion\\index.php')
 3 SYSTEMPATH\View\View.php(216): CodeIgniter\View\View->CodeIgniter\View\{closure}()
 4 SYSTEMPATH\Common.php(1134): CodeIgniter\View\View->render('/Capacitacion/index', [], true)
 5 APPPATH\Controllers\Capacitacion.php(23): view('/Capacitacion/index', [...])
 6 SYSTEMPATH\CodeIgniter.php(927): App\Controllers\Capacitacion->index()
 7 SYSTEMPATH\CodeIgniter.php(482): CodeIgniter\CodeIgniter->runController(Object(App\Controllers\Capacitacion))
 8 SYSTEMPATH\CodeIgniter.php(351): CodeIgniter\CodeIgniter->handleRequest(null, Object(Config\Cache), false)
 9 FCPATH\index.php(67): CodeIgniter\CodeIgniter->run()
CRITICAL - 2022-12-20 20:35:32 --> Array to string conversion
in APPPATH\Views\Capacitacion\index.php on line 20.
 1 APPPATH\Views\Capacitacion\index.php(20): CodeIgniter\Debug\Exceptions->errorHandler(8, 'Array to string conversion', 'APPPATH\\Views\\Capacitacion\\index.php', 20, [...])
 2 SYSTEMPATH\View\View.php(213): include('APPPATH\\Views\\Capacitacion\\index.php')
 3 SYSTEMPATH\View\View.php(216): CodeIgniter\View\View->CodeIgniter\View\{closure}()
 4 SYSTEMPATH\Common.php(1134): CodeIgniter\View\View->render('/Capacitacion/index', [], true)
 5 APPPATH\Controllers\Capacitacion.php(23): view('/Capacitacion/index', [...])
 6 SYSTEMPATH\CodeIgniter.php(927): App\Controllers\Capacitacion->index()
 7 SYSTEMPATH\CodeIgniter.php(482): CodeIgniter\CodeIgniter->runController(Object(App\Controllers\Capacitacion))
 8 SYSTEMPATH\CodeIgniter.php(351): CodeIgniter\CodeIgniter->handleRequest(null, Object(Config\Cache), false)
 9 FCPATH\index.php(67): CodeIgniter\CodeIgniter->run()
CRITICAL - 2022-12-20 20:35:34 --> Array to string conversion
in APPPATH\Views\Capacitacion\index.php on line 20.
 1 APPPATH\Views\Capacitacion\index.php(20): CodeIgniter\Debug\Exceptions->errorHandler(8, 'Array to string conversion', 'APPPATH\\Views\\Capacitacion\\index.php', 20, [...])
 2 SYSTEMPATH\View\View.php(213): include('APPPATH\\Views\\Capacitacion\\index.php')
 3 SYSTEMPATH\View\View.php(216): CodeIgniter\View\View->CodeIgniter\View\{closure}()
 4 SYSTEMPATH\Common.php(1134): CodeIgniter\View\View->render('/Capacitacion/index', [], true)
 5 APPPATH\Controllers\Capacitacion.php(23): view('/Capacitacion/index', [...])
 6 SYSTEMPATH\CodeIgniter.php(927): App\Controllers\Capacitacion->index()
 7 SYSTEMPATH\CodeIgniter.php(482): CodeIgniter\CodeIgniter->runController(Object(App\Controllers\Capacitacion))
 8 SYSTEMPATH\CodeIgniter.php(351): CodeIgniter\CodeIgniter->handleRequest(null, Object(Config\Cache), false)
 9 FCPATH\index.php(67): CodeIgniter\CodeIgniter->run()
CRITICAL - 2022-12-20 20:36:24 --> Call to undefined method CodeIgniter\Database\MySQLi\Result::get()
in APPPATH\Models\UsuarioModel.php on line 29.
 1 APPPATH\Controllers\Home.php(26): App\Models\UsuarioModel->findHoursById('00000001')
 2 SYSTEMPATH\CodeIgniter.php(927): App\Controllers\Home->iniciarSesion()
 3 SYSTEMPATH\CodeIgniter.php(482): CodeIgniter\CodeIgniter->runController(Object(App\Controllers\Home))
 4 SYSTEMPATH\CodeIgniter.php(351): CodeIgniter\CodeIgniter->handleRequest(null, Object(Config\Cache), false)
 5 FCPATH\index.php(67): CodeIgniter\CodeIgniter->run()
CRITICAL - 2022-12-20 20:37:15 --> Call to undefined method CodeIgniter\Database\MySQLi\Result::get()
in APPPATH\Models\UsuarioModel.php on line 29.
 1 APPPATH\Controllers\Home.php(26): App\Models\UsuarioModel->findHoursById('00000001')
 2 SYSTEMPATH\CodeIgniter.php(927): App\Controllers\Home->iniciarSesion()
 3 SYSTEMPATH\CodeIgniter.php(482): CodeIgniter\CodeIgniter->runController(Object(App\Controllers\Home))
 4 SYSTEMPATH\CodeIgniter.php(351): CodeIgniter\CodeIgniter->handleRequest(null, Object(Config\Cache), false)
 5 FCPATH\index.php(67): CodeIgniter\CodeIgniter->run()
CRITICAL - 2022-12-20 20:39:10 --> Call to undefined method CodeIgniter\Database\MySQLi\Result::getAll()
in APPPATH\Models\UsuarioModel.php on line 29.
 1 APPPATH\Controllers\Home.php(26): App\Models\UsuarioModel->findHoursById('00000001')
 2 SYSTEMPATH\CodeIgniter.php(927): App\Controllers\Home->iniciarSesion()
 3 SYSTEMPATH\CodeIgniter.php(482): CodeIgniter\CodeIgniter->runController(Object(App\Controllers\Home))
 4 SYSTEMPATH\CodeIgniter.php(351): CodeIgniter\CodeIgniter->handleRequest(null, Object(Config\Cache), false)
 5 FCPATH\index.php(67): CodeIgniter\CodeIgniter->run()
CRITICAL - 2022-12-20 20:39:34 --> Object of class CodeIgniter\Database\MySQLi\Result could not be converted to string
in APPPATH\Views\Capacitacion\index.php on line 20.
 1 SYSTEMPATH\View\View.php(213): include()
 2 SYSTEMPATH\View\View.php(216): CodeIgniter\View\View->CodeIgniter\View\{closure}()
 3 SYSTEMPATH\Common.php(1134): CodeIgniter\View\View->render('/Capacitacion/index', [], true)
 4 APPPATH\Controllers\Capacitacion.php(23): view('/Capacitacion/index', [...])
 5 SYSTEMPATH\CodeIgniter.php(927): App\Controllers\Capacitacion->index()
 6 SYSTEMPATH\CodeIgniter.php(482): CodeIgniter\CodeIgniter->runController(Object(App\Controllers\Capacitacion))
 7 SYSTEMPATH\CodeIgniter.php(351): CodeIgniter\CodeIgniter->handleRequest(null, Object(Config\Cache), false)
 8 FCPATH\index.php(67): CodeIgniter\CodeIgniter->run()
CRITICAL - 2022-12-20 20:41:57 --> Object of class CodeIgniter\Database\MySQLi\Result could not be converted to string
in APPPATH\Views\Capacitacion\index.php on line 20.
 1 SYSTEMPATH\View\View.php(213): include()
 2 SYSTEMPATH\View\View.php(216): CodeIgniter\View\View->CodeIgniter\View\{closure}()
 3 SYSTEMPATH\Common.php(1134): CodeIgniter\View\View->render('/Capacitacion/index', [], true)
 4 APPPATH\Controllers\Capacitacion.php(23): view('/Capacitacion/index', [...])
 5 SYSTEMPATH\CodeIgniter.php(927): App\Controllers\Capacitacion->index()
 6 SYSTEMPATH\CodeIgniter.php(482): CodeIgniter\CodeIgniter->runController(Object(App\Controllers\Capacitacion))
 7 SYSTEMPATH\CodeIgniter.php(351): CodeIgniter\CodeIgniter->handleRequest(null, Object(Config\Cache), false)
 8 FCPATH\index.php(67): CodeIgniter\CodeIgniter->run()
CRITICAL - 2022-12-20 20:42:04 --> Call to undefined method CodeIgniter\Database\MySQLi\Result::get()
in APPPATH\Models\UsuarioModel.php on line 29.
 1 APPPATH\Controllers\Home.php(26): App\Models\UsuarioModel->findHoursById('00000001')
 2 SYSTEMPATH\CodeIgniter.php(927): App\Controllers\Home->iniciarSesion()
 3 SYSTEMPATH\CodeIgniter.php(482): CodeIgniter\CodeIgniter->runController(Object(App\Controllers\Home))
 4 SYSTEMPATH\CodeIgniter.php(351): CodeIgniter\CodeIgniter->handleRequest(null, Object(Config\Cache), false)
 5 FCPATH\index.php(67): CodeIgniter\CodeIgniter->run()
CRITICAL - 2022-12-20 20:42:29 --> Array to string conversion
in APPPATH\Views\Capacitacion\index.php on line 20.
 1 APPPATH\Views\Capacitacion\index.php(20): CodeIgniter\Debug\Exceptions->errorHandler(8, 'Array to string conversion', 'APPPATH\\Views\\Capacitacion\\index.php', 20, [...])
 2 SYSTEMPATH\View\View.php(213): include('APPPATH\\Views\\Capacitacion\\index.php')
 3 SYSTEMPATH\View\View.php(216): CodeIgniter\View\View->CodeIgniter\View\{closure}()
 4 SYSTEMPATH\Common.php(1134): CodeIgniter\View\View->render('/Capacitacion/index', [], true)
 5 APPPATH\Controllers\Capacitacion.php(23): view('/Capacitacion/index', [...])
 6 SYSTEMPATH\CodeIgniter.php(927): App\Controllers\Capacitacion->index()
 7 SYSTEMPATH\CodeIgniter.php(482): CodeIgniter\CodeIgniter->runController(Object(App\Controllers\Capacitacion))
 8 SYSTEMPATH\CodeIgniter.php(351): CodeIgniter\CodeIgniter->handleRequest(null, Object(Config\Cache), false)
 9 FCPATH\index.php(67): CodeIgniter\CodeIgniter->run()
CRITICAL - 2022-12-20 20:45:57 --> Array to string conversion
in APPPATH\Views\Capacitacion\index.php on line 20.
 1 APPPATH\Views\Capacitacion\index.php(20): CodeIgniter\Debug\Exceptions->errorHandler(8, 'Array to string conversion', 'APPPATH\\Views\\Capacitacion\\index.php', 20, [...])
 2 SYSTEMPATH\View\View.php(213): include('APPPATH\\Views\\Capacitacion\\index.php')
 3 SYSTEMPATH\View\View.php(216): CodeIgniter\View\View->CodeIgniter\View\{closure}()
 4 SYSTEMPATH\Common.php(1134): CodeIgniter\View\View->render('/Capacitacion/index', [], true)
 5 APPPATH\Controllers\Capacitacion.php(23): view('/Capacitacion/index', [...])
 6 SYSTEMPATH\CodeIgniter.php(927): App\Controllers\Capacitacion->index()
 7 SYSTEMPATH\CodeIgniter.php(482): CodeIgniter\CodeIgniter->runController(Object(App\Controllers\Capacitacion))
 8 SYSTEMPATH\CodeIgniter.php(351): CodeIgniter\CodeIgniter->handleRequest(null, Object(Config\Cache), false)
 9 FCPATH\index.php(67): CodeIgniter\CodeIgniter->run()
CRITICAL - 2022-12-20 20:46:03 --> Array to string conversion
in APPPATH\Views\Capacitacion\index.php on line 20.
 1 APPPATH\Views\Capacitacion\index.php(20): CodeIgniter\Debug\Exceptions->errorHandler(8, 'Array to string conversion', 'APPPATH\\Views\\Capacitacion\\index.php', 20, [...])
 2 SYSTEMPATH\View\View.php(213): include('APPPATH\\Views\\Capacitacion\\index.php')
 3 SYSTEMPATH\View\View.php(216): CodeIgniter\View\View->CodeIgniter\View\{closure}()
 4 SYSTEMPATH\Common.php(1134): CodeIgniter\View\View->render('/Capacitacion/index', [], true)
 5 APPPATH\Controllers\Capacitacion.php(23): view('/Capacitacion/index', [...])
 6 SYSTEMPATH\CodeIgniter.php(927): App\Controllers\Capacitacion->index()
 7 SYSTEMPATH\CodeIgniter.php(482): CodeIgniter\CodeIgniter->runController(Object(App\Controllers\Capacitacion))
 8 SYSTEMPATH\CodeIgniter.php(351): CodeIgniter\CodeIgniter->handleRequest(null, Object(Config\Cache), false)
 9 FCPATH\index.php(67): CodeIgniter\CodeIgniter->run()
