CRITICAL - 2023-01-29 17:47:09 --> Undefined global variable $_SESSION
in APPPATH\Views\General.php on line 58.
 1 APPPATH\Views\General.php(58): CodeIgniter\Debug\Exceptions->errorHandler(2, 'Undefined global variable $_SESSION', 'APPPATH\\Views\\General.php', 58)
 2 SYSTEMPATH\View\View.php(213): include('APPPATH\\Views\\General.php')
 3 SYSTEMPATH\View\View.php(216): CodeIgniter\View\View->CodeIgniter\View\{closure}()
 4 SYSTEMPATH\View\View.php(229): CodeIgniter\View\View->render('General', [], true)
 5 SYSTEMPATH\Common.php(1134): CodeIgniter\View\View->render('Usuario/form_usuario', [], true)
 6 APPPATH\Controllers\Usuario.php(90): view('Usuario/form_usuario')
 7 SYSTEMPATH\CodeIgniter.php(927): App\Controllers\Usuario->form()
 8 SYSTEMPATH\CodeIgniter.php(482): CodeIgniter\CodeIgniter->runController(Object(App\Controllers\Usuario))
 9 SYSTEMPATH\CodeIgniter.php(351): CodeIgniter\CodeIgniter->handleRequest(null, Object(Config\Cache), false)
10 FCPATH\index.php(67): CodeIgniter\CodeIgniter->run()
CRITICAL - 2023-01-29 17:48:38 --> Undefined global variable $_SESSION
in APPPATH\Views\General.php on line 58.
 1 APPPATH\Views\General.php(58): CodeIgniter\Debug\Exceptions->errorHandler(2, 'Undefined global variable $_SESSION', 'APPPATH\\Views\\General.php', 58)
 2 SYSTEMPATH\View\View.php(213): include('APPPATH\\Views\\General.php')
 3 SYSTEMPATH\View\View.php(216): CodeIgniter\View\View->CodeIgniter\View\{closure}()
 4 SYSTEMPATH\View\View.php(229): CodeIgniter\View\View->render('General', [], true)
 5 SYSTEMPATH\Common.php(1134): CodeIgniter\View\View->render('Usuario/form_usuario', [], true)
 6 APPPATH\Controllers\Usuario.php(90): view('Usuario/form_usuario')
 7 SYSTEMPATH\CodeIgniter.php(927): App\Controllers\Usuario->form()
 8 SYSTEMPATH\CodeIgniter.php(482): CodeIgniter\CodeIgniter->runController(Object(App\Controllers\Usuario))
 9 SYSTEMPATH\CodeIgniter.php(351): CodeIgniter\CodeIgniter->handleRequest(null, Object(Config\Cache), false)
10 FCPATH\index.php(67): CodeIgniter\CodeIgniter->run()
CRITICAL - 2023-01-29 18:07:07 --> Invalid file: /Capacitacion/index.php
in SYSTEMPATH\Exceptions\FrameworkException.php on line 33.
 1 SYSTEMPATH\View\View.php(201): CodeIgniter\Exceptions\FrameworkException::forInvalidFile('/Capacitacion/index.php')
 2 SYSTEMPATH\Common.php(1134): CodeIgniter\View\View->render('/Capacitacion/index', [], true)
 3 APPPATH\Controllers\Capacitacion.php(23): view('/Capacitacion/index', [...])
 4 SYSTEMPATH\CodeIgniter.php(927): App\Controllers\Capacitacion->index()
 5 SYSTEMPATH\CodeIgniter.php(482): CodeIgniter\CodeIgniter->runController(Object(App\Controllers\Capacitacion))
 6 SYSTEMPATH\CodeIgniter.php(351): CodeIgniter\CodeIgniter->handleRequest(null, Object(Config\Cache), false)
 7 FCPATH\index.php(67): CodeIgniter\CodeIgniter->run()
CRITICAL - 2023-01-29 18:08:26 --> Invalid file: /Capacitacion/index.php
in SYSTEMPATH\Exceptions\FrameworkException.php on line 33.
 1 SYSTEMPATH\View\View.php(201): CodeIgniter\Exceptions\FrameworkException::forInvalidFile('/Capacitacion/index.php')
 2 SYSTEMPATH\Common.php(1134): CodeIgniter\View\View->render('/Capacitacion/index', [], true)
 3 APPPATH\Controllers\Capacitacion.php(23): view('/Capacitacion/index', [...])
 4 SYSTEMPATH\CodeIgniter.php(927): App\Controllers\Capacitacion->index()
 5 SYSTEMPATH\CodeIgniter.php(482): CodeIgniter\CodeIgniter->runController(Object(App\Controllers\Capacitacion))
 6 SYSTEMPATH\CodeIgniter.php(351): CodeIgniter\CodeIgniter->handleRequest(null, Object(Config\Cache), false)
 7 FCPATH\index.php(67): CodeIgniter\CodeIgniter->run()
CRITICAL - 2023-01-29 18:11:56 --> Too few arguments to function App\Controllers\Usuario::index(), 0 passed in C:\laragon\www\itson\system\CodeIgniter.php on line 927 and exactly 1 expected
in APPPATH\Controllers\Usuario.php on line 14.
 1 SYSTEMPATH\CodeIgniter.php(927): App\Controllers\Usuario->index()
 2 SYSTEMPATH\CodeIgniter.php(482): CodeIgniter\CodeIgniter->runController(Object(App\Controllers\Usuario))
 3 SYSTEMPATH\CodeIgniter.php(351): CodeIgniter\CodeIgniter->handleRequest(null, Object(Config\Cache), false)
 4 FCPATH\index.php(67): CodeIgniter\CodeIgniter->run()
CRITICAL - 2023-01-29 18:12:11 --> Undefined global variable $_SESSION
in APPPATH\Views\Usuario\index.php on line 31.
 1 APPPATH\Views\Usuario\index.php(31): CodeIgniter\Debug\Exceptions->errorHandler(2, 'Undefined global variable $_SESSION', 'APPPATH\\Views\\Usuario\\index.php', 31)
 2 SYSTEMPATH\View\View.php(213): include('APPPATH\\Views\\Usuario\\index.php')
 3 SYSTEMPATH\View\View.php(216): CodeIgniter\View\View->CodeIgniter\View\{closure}()
 4 SYSTEMPATH\Common.php(1134): CodeIgniter\View\View->render('/Usuario/index', [], true)
 5 APPPATH\Controllers\Usuario.php(22): view('/Usuario/index', [...])
 6 SYSTEMPATH\CodeIgniter.php(927): App\Controllers\Usuario->index()
 7 SYSTEMPATH\CodeIgniter.php(482): CodeIgniter\CodeIgniter->runController(Object(App\Controllers\Usuario))
 8 SYSTEMPATH\CodeIgniter.php(351): CodeIgniter\CodeIgniter->handleRequest(null, Object(Config\Cache), false)
 9 FCPATH\index.php(67): CodeIgniter\CodeIgniter->run()
CRITICAL - 2023-01-29 18:12:46 --> Undefined variable $capacitacion
in APPPATH\Views\Usuario\index.php on line 65.
 1 APPPATH\Views\Usuario\index.php(65): CodeIgniter\Debug\Exceptions->errorHandler(2, 'Undefined variable $capacitacion', 'APPPATH\\Views\\Usuario\\index.php', 65)
 2 SYSTEMPATH\View\View.php(213): include('APPPATH\\Views\\Usuario\\index.php')
 3 SYSTEMPATH\View\View.php(216): CodeIgniter\View\View->CodeIgniter\View\{closure}()
 4 SYSTEMPATH\Common.php(1134): CodeIgniter\View\View->render('/Usuario/index', [], true)
 5 APPPATH\Controllers\Usuario.php(22): view('/Usuario/index', [...])
 6 SYSTEMPATH\CodeIgniter.php(927): App\Controllers\Usuario->index()
 7 SYSTEMPATH\CodeIgniter.php(482): CodeIgniter\CodeIgniter->runController(Object(App\Controllers\Usuario))
 8 SYSTEMPATH\CodeIgniter.php(351): CodeIgniter\CodeIgniter->handleRequest(null, Object(Config\Cache), false)
 9 FCPATH\index.php(67): CodeIgniter\CodeIgniter->run()
CRITICAL - 2023-01-29 18:13:12 --> Undefined global variable $_SESSION
in APPPATH\Views\General.php on line 58.
 1 APPPATH\Views\General.php(58): CodeIgniter\Debug\Exceptions->errorHandler(2, 'Undefined global variable $_SESSION', 'APPPATH\\Views\\General.php', 58)
 2 SYSTEMPATH\View\View.php(213): include('APPPATH\\Views\\General.php')
 3 SYSTEMPATH\View\View.php(216): CodeIgniter\View\View->CodeIgniter\View\{closure}()
 4 SYSTEMPATH\View\View.php(229): CodeIgniter\View\View->render('General', [], true)
 5 SYSTEMPATH\Common.php(1134): CodeIgniter\View\View->render('/Usuario/index', [], true)
 6 APPPATH\Controllers\Usuario.php(22): view('/Usuario/index', [...])
 7 SYSTEMPATH\CodeIgniter.php(927): App\Controllers\Usuario->index()
 8 SYSTEMPATH\CodeIgniter.php(482): CodeIgniter\CodeIgniter->runController(Object(App\Controllers\Usuario))
 9 SYSTEMPATH\CodeIgniter.php(351): CodeIgniter\CodeIgniter->handleRequest(null, Object(Config\Cache), false)
10 FCPATH\index.php(67): CodeIgniter\CodeIgniter->run()
CRITICAL - 2023-01-29 18:14:47 --> Undefined global variable $_SESSION
in APPPATH\Views\General.php on line 58.
 1 APPPATH\Views\General.php(58): CodeIgniter\Debug\Exceptions->errorHandler(2, 'Undefined global variable $_SESSION', 'APPPATH\\Views\\General.php', 58)
 2 SYSTEMPATH\View\View.php(213): include('APPPATH\\Views\\General.php')
 3 SYSTEMPATH\View\View.php(216): CodeIgniter\View\View->CodeIgniter\View\{closure}()
 4 SYSTEMPATH\View\View.php(229): CodeIgniter\View\View->render('General', [], true)
 5 SYSTEMPATH\Common.php(1134): CodeIgniter\View\View->render('/Usuario/index', [], true)
 6 APPPATH\Controllers\Usuario.php(22): view('/Usuario/index', [...])
 7 SYSTEMPATH\CodeIgniter.php(927): App\Controllers\Usuario->index()
 8 SYSTEMPATH\CodeIgniter.php(482): CodeIgniter\CodeIgniter->runController(Object(App\Controllers\Usuario))
 9 SYSTEMPATH\CodeIgniter.php(351): CodeIgniter\CodeIgniter->handleRequest(null, Object(Config\Cache), false)
10 FCPATH\index.php(67): CodeIgniter\CodeIgniter->run()
CRITICAL - 2023-01-29 18:15:23 --> Undefined global variable $_SESSION
in APPPATH\Views\General.php on line 58.
 1 APPPATH\Views\General.php(58): CodeIgniter\Debug\Exceptions->errorHandler(2, 'Undefined global variable $_SESSION', 'APPPATH\\Views\\General.php', 58)
 2 SYSTEMPATH\View\View.php(213): include('APPPATH\\Views\\General.php')
 3 SYSTEMPATH\View\View.php(216): CodeIgniter\View\View->CodeIgniter\View\{closure}()
 4 SYSTEMPATH\View\View.php(229): CodeIgniter\View\View->render('General', [], true)
 5 SYSTEMPATH\Common.php(1134): CodeIgniter\View\View->render('/Usuario/index', [], true)
 6 APPPATH\Controllers\Usuario.php(22): view('/Usuario/index', [...])
 7 SYSTEMPATH\CodeIgniter.php(927): App\Controllers\Usuario->index()
 8 SYSTEMPATH\CodeIgniter.php(482): CodeIgniter\CodeIgniter->runController(Object(App\Controllers\Usuario))
 9 SYSTEMPATH\CodeIgniter.php(351): CodeIgniter\CodeIgniter->handleRequest(null, Object(Config\Cache), false)
10 FCPATH\index.php(67): CodeIgniter\CodeIgniter->run()
CRITICAL - 2023-01-29 18:15:27 --> Undefined global variable $_SESSION
in APPPATH\Views\General.php on line 58.
 1 APPPATH\Views\General.php(58): CodeIgniter\Debug\Exceptions->errorHandler(2, 'Undefined global variable $_SESSION', 'APPPATH\\Views\\General.php', 58)
 2 SYSTEMPATH\View\View.php(213): include('APPPATH\\Views\\General.php')
 3 SYSTEMPATH\View\View.php(216): CodeIgniter\View\View->CodeIgniter\View\{closure}()
 4 SYSTEMPATH\View\View.php(229): CodeIgniter\View\View->render('General', [], true)
 5 SYSTEMPATH\Common.php(1134): CodeIgniter\View\View->render('/Usuario/index', [], true)
 6 APPPATH\Controllers\Usuario.php(22): view('/Usuario/index', [...])
 7 SYSTEMPATH\CodeIgniter.php(927): App\Controllers\Usuario->index()
 8 SYSTEMPATH\CodeIgniter.php(482): CodeIgniter\CodeIgniter->runController(Object(App\Controllers\Usuario))
 9 SYSTEMPATH\CodeIgniter.php(351): CodeIgniter\CodeIgniter->handleRequest(null, Object(Config\Cache), false)
10 FCPATH\index.php(67): CodeIgniter\CodeIgniter->run()
CRITICAL - 2023-01-29 18:15:40 --> Undefined global variable $_SESSION
in APPPATH\Views\General.php on line 58.
 1 APPPATH\Views\General.php(58): CodeIgniter\Debug\Exceptions->errorHandler(2, 'Undefined global variable $_SESSION', 'APPPATH\\Views\\General.php', 58)
 2 SYSTEMPATH\View\View.php(213): include('APPPATH\\Views\\General.php')
 3 SYSTEMPATH\View\View.php(216): CodeIgniter\View\View->CodeIgniter\View\{closure}()
 4 SYSTEMPATH\View\View.php(229): CodeIgniter\View\View->render('General', [], true)
 5 SYSTEMPATH\Common.php(1134): CodeIgniter\View\View->render('/Usuario/index', [], true)
 6 APPPATH\Controllers\Usuario.php(22): view('/Usuario/index', [...])
 7 SYSTEMPATH\CodeIgniter.php(927): App\Controllers\Usuario->index()
 8 SYSTEMPATH\CodeIgniter.php(482): CodeIgniter\CodeIgniter->runController(Object(App\Controllers\Usuario))
 9 SYSTEMPATH\CodeIgniter.php(351): CodeIgniter\CodeIgniter->handleRequest(null, Object(Config\Cache), false)
10 FCPATH\index.php(67): CodeIgniter\CodeIgniter->run()
CRITICAL - 2023-01-29 18:16:14 --> Undefined array key 0
in APPPATH\Controllers\Home.php on line 24.
 1 APPPATH\Controllers\Home.php(24): CodeIgniter\Debug\Exceptions->errorHandler(2, 'Undefined array key 0', 'APPPATH\\Controllers\\Home.php', 24)
 2 SYSTEMPATH\CodeIgniter.php(927): App\Controllers\Home->iniciarSesion()
 3 SYSTEMPATH\CodeIgniter.php(482): CodeIgniter\CodeIgniter->runController(Object(App\Controllers\Home))
 4 SYSTEMPATH\CodeIgniter.php(351): CodeIgniter\CodeIgniter->handleRequest(null, Object(Config\Cache), false)
 5 FCPATH\index.php(67): CodeIgniter\CodeIgniter->run()
CRITICAL - 2023-01-29 18:16:22 --> Undefined array key "id"
in APPPATH\Controllers\Capacitacion.php on line 16.
 1 APPPATH\Controllers\Capacitacion.php(16): CodeIgniter\Debug\Exceptions->errorHandler(2, 'Undefined array key "id"', 'APPPATH\\Controllers\\Capacitacion.php', 16)
 2 SYSTEMPATH\CodeIgniter.php(927): App\Controllers\Capacitacion->index()
 3 SYSTEMPATH\CodeIgniter.php(482): CodeIgniter\CodeIgniter->runController(Object(App\Controllers\Capacitacion))
 4 SYSTEMPATH\CodeIgniter.php(351): CodeIgniter\CodeIgniter->handleRequest(null, Object(Config\Cache), false)
 5 FCPATH\index.php(67): CodeIgniter\CodeIgniter->run()
CRITICAL - 2023-01-29 18:16:36 --> Undefined array key "id"
in APPPATH\Controllers\Capacitacion.php on line 16.
 1 APPPATH\Controllers\Capacitacion.php(16): CodeIgniter\Debug\Exceptions->errorHandler(2, 'Undefined array key "id"', 'APPPATH\\Controllers\\Capacitacion.php', 16)
 2 SYSTEMPATH\CodeIgniter.php(927): App\Controllers\Capacitacion->index()
 3 SYSTEMPATH\CodeIgniter.php(482): CodeIgniter\CodeIgniter->runController(Object(App\Controllers\Capacitacion))
 4 SYSTEMPATH\CodeIgniter.php(351): CodeIgniter\CodeIgniter->handleRequest(null, Object(Config\Cache), false)
 5 FCPATH\index.php(67): CodeIgniter\CodeIgniter->run()
CRITICAL - 2023-01-29 18:16:37 --> Undefined array key "id"
in APPPATH\Controllers\Capacitacion.php on line 16.
 1 APPPATH\Controllers\Capacitacion.php(16): CodeIgniter\Debug\Exceptions->errorHandler(2, 'Undefined array key "id"', 'APPPATH\\Controllers\\Capacitacion.php', 16)
 2 SYSTEMPATH\CodeIgniter.php(927): App\Controllers\Capacitacion->index()
 3 SYSTEMPATH\CodeIgniter.php(482): CodeIgniter\CodeIgniter->runController(Object(App\Controllers\Capacitacion))
 4 SYSTEMPATH\CodeIgniter.php(351): CodeIgniter\CodeIgniter->handleRequest(null, Object(Config\Cache), false)
 5 FCPATH\index.php(67): CodeIgniter\CodeIgniter->run()
CRITICAL - 2023-01-29 18:16:46 --> Undefined global variable $_SESSION
in APPPATH\Views\General.php on line 58.
 1 APPPATH\Views\General.php(58): CodeIgniter\Debug\Exceptions->errorHandler(2, 'Undefined global variable $_SESSION', 'APPPATH\\Views\\General.php', 58)
 2 SYSTEMPATH\View\View.php(213): include('APPPATH\\Views\\General.php')
 3 SYSTEMPATH\View\View.php(216): CodeIgniter\View\View->CodeIgniter\View\{closure}()
 4 SYSTEMPATH\View\View.php(229): CodeIgniter\View\View->render('General', [], true)
 5 SYSTEMPATH\Common.php(1134): CodeIgniter\View\View->render('/Usuario/index', [], true)
 6 APPPATH\Controllers\Usuario.php(22): view('/Usuario/index', [...])
 7 SYSTEMPATH\CodeIgniter.php(927): App\Controllers\Usuario->index()
 8 SYSTEMPATH\CodeIgniter.php(482): CodeIgniter\CodeIgniter->runController(Object(App\Controllers\Usuario))
 9 SYSTEMPATH\CodeIgniter.php(351): CodeIgniter\CodeIgniter->handleRequest(null, Object(Config\Cache), false)
10 FCPATH\index.php(67): CodeIgniter\CodeIgniter->run()
CRITICAL - 2023-01-29 18:42:51 --> syntax error, unexpected token "}"
in APPPATH\Views\General.php on line 80.
 1 SYSTEMPATH\View\View.php(216): CodeIgniter\View\View->CodeIgniter\View\{closure}()
 2 SYSTEMPATH\View\View.php(229): CodeIgniter\View\View->render('General', [], true)
 3 SYSTEMPATH\Common.php(1134): CodeIgniter\View\View->render('/Capacitacion/index', [], true)
 4 APPPATH\Controllers\Capacitacion.php(23): view('/Capacitacion/index', [...])
 5 SYSTEMPATH\CodeIgniter.php(927): App\Controllers\Capacitacion->index()
 6 SYSTEMPATH\CodeIgniter.php(482): CodeIgniter\CodeIgniter->runController(Object(App\Controllers\Capacitacion))
 7 SYSTEMPATH\CodeIgniter.php(351): CodeIgniter\CodeIgniter->handleRequest(null, Object(Config\Cache), false)
 8 FCPATH\index.php(67): CodeIgniter\CodeIgniter->run()
